<?xml version="1.0" encoding="UTF-8"?>
<testsuite xmlns:xsi="http://www.w3.org/2001/XMLSchema-instance" xsi:noNamespaceSchemaLocation="https://maven.apache.org/surefire/maven-surefire-plugin/xsd/surefire-test-report.xsd" name="com.heima.behavior.test.BehaviorTest" time="14,234.837" tests="1" errors="1" skipped="0" failures="0">
  <properties>
[...]
</properties>
  <testcase name="testSave" classname="com.heima.behavior.test.BehaviorTest" time="14,220.655">
    <error message="&#10;### Error updating database.  Cause: com.mysql.jdbc.exceptions.jdbc4.MySQLTransactionRollbackException: Deadlock found when trying to get lock; try restarting transaction&#10;### The error may exist in class path resource [mappers/app/ApShowBehaviorMapper.xml]&#10;### The error may involve defaultParameterMap&#10;### The error occurred while setting parameters&#10;### SQL: insert into ap_show_behavior (id,entry_id, article_id,is_click, show_time, created_time) values                        (?,?, ?,0, now(),now())&#10;### Cause: com.mysql.jdbc.exceptions.jdbc4.MySQLTransactionRollbackException: Deadlock found when trying to get lock; try restarting transaction&#10;; Deadlock found when trying to get lock; try restarting transaction; nested exception is com.mysql.jdbc.exceptions.jdbc4.MySQLTransactionRollbackException: Deadlock found when trying to get lock; try restarting transaction" type="org.springframework.dao.DeadlockLoserDataAccessException">org.springframework.dao.DeadlockLoserDataAccessException: 

### Error updating database.  Cause: com.mysql.jdbc.exceptions.jdbc4.MySQLTransactionRollbackException: Deadlock found when trying to get lock; try restarting transaction
### The error may exist in class path resource [mappers/app/ApShowBehaviorMapper.xml]
### The error may involve defaultParameterMap
### The error occurred while setting parameters
### SQL: insert into ap_show_behavior (id,entry_id, article_id,is_click, show_time, created_time) values                        (?,?, ?,0, now(),now())
### Cause: com.mysql.jdbc.exceptions.jdbc4.MySQLTransactionRollbackException: Deadlock found when trying to get lock; try restarting transaction
; Deadlock found when trying to get lock; try restarting transaction; nested exception is com.mysql.jdbc.exceptions.jdbc4.MySQLTransactionRollbackException: Deadlock found when trying to get lock; try restarting transaction
	at com.heima.behavior.test.BehaviorTest.testSave(BehaviorTest.java:41)
Caused by: com.mysql.jdbc.exceptions.jdbc4.MySQLTransactionRollbackException: Deadlock found when trying to get lock; try restarting transaction
	at com.heima.behavior.test.BehaviorTest.testSave(BehaviorTest.java:41)
</error>
    <system-out><![CDATA[2020-12-01 10:34:29,638^|1^|INFO^|main^|org.springframework.boot.test.context.SpringBootTestContextBootstrapper^|buildDefaultMergedContextConfiguration^|Neither @ContextConfiguration nor @ContextHierarchy found for test class [com.heima.behavior.test.BehaviorTest], using SpringBootContextLoader
2020-12-01 10:34:29,665 main ERROR Unable to move file C:\Users\Lenovo\logs\heima-leadnews-behavior-1.0-SNAPSHOT.log to C:\Users\Lenovo\logs\2020-11\heima-leadnews-behavior-1.0-SNAPSHOT-2020-11-25-7.log: java.nio.file.FileSystemException C:\Users\Lenovo\logs\heima-leadnews-behavior-1.0-SNAPSHOT.log -> C:\Users\Lenovo\logs\2020-11\heima-leadnews-behavior-1.0-SNAPSHOT-2020-11-25-7.log: 另一个程序正在使用此文件，进程无法访问。

2020-12-01 10:34:29,670 main ERROR Unable to delete file C:\Users\Lenovo\logs\heima-leadnews-behavior-1.0-SNAPSHOT.log: java.nio.file.FileSystemException C:\Users\Lenovo\logs\heima-leadnews-behavior-1.0-SNAPSHOT.log: 另一个程序正在使用此文件，进程无法访问。

2020-12-01 10:34:29,681^|3^|INFO^|main^|org.springframework.test.context.support.AbstractContextLoader^|generateDefaultLocations^|Could not detect default resource locations for test class [com.heima.behavior.test.BehaviorTest]: no resource found for suffixes {-context.xml, Context.groovy}.
2020-12-01 10:34:29,925^|5^|INFO^|main^|org.springframework.boot.test.context.SpringBootTestContextBootstrapper^|getDefaultTestExecutionListenerClassNames^|Loaded default TestExecutionListener class names from location [META-INF/spring.factories]: [org.springframework.boot.test.mock.mockito.MockitoTestExecutionListener, org.springframework.boot.test.mock.mockito.ResetMocksTestExecutionListener, org.springframework.boot.test.autoconfigure.restdocs.RestDocsTestExecutionListener, org.springframework.boot.test.autoconfigure.web.client.MockRestServiceServerResetTestExecutionListener, org.springframework.boot.test.autoconfigure.web.servlet.MockMvcPrintOnlyOnFailureTestExecutionListener, org.springframework.boot.test.autoconfigure.web.servlet.WebDriverTestExecutionListener, org.springframework.test.context.web.ServletTestExecutionListener, org.springframework.test.context.support.DirtiesContextBeforeModesTestExecutionListener, org.springframework.test.context.support.DependencyInjectionTestExecutionListener, org.springframework.test.context.support.DirtiesContextTestExecutionListener, org.springframework.test.context.transaction.TransactionalTestExecutionListener, org.springframework.test.context.jdbc.SqlScriptsTestExecutionListener]
2020-12-01 10:34:29,959^|7^|INFO^|main^|org.springframework.boot.test.context.SpringBootTestContextBootstrapper^|getTestExecutionListeners^|Using TestExecutionListeners: [org.springframework.test.context.web.ServletTestExecutionListener@11bb571c, org.springframework.test.context.support.DirtiesContextBeforeModesTestExecutionListener@7c51f34b, org.springframework.boot.test.mock.mockito.MockitoTestExecutionListener@5495333e, org.springframework.boot.test.autoconfigure.SpringBootDependencyInjectionTestExecutionListener@2a225dd7, org.springframework.test.context.support.DirtiesContextTestExecutionListener@61eaec38, org.springframework.test.context.transaction.TransactionalTestExecutionListener@125290e5, org.springframework.test.context.jdbc.SqlScriptsTestExecutionListener@6fa34d52, org.springframework.boot.test.mock.mockito.ResetMocksTestExecutionListener@57576994, org.springframework.boot.test.autoconfigure.restdocs.RestDocsTestExecutionListener@616ac46a, org.springframework.boot.test.autoconfigure.web.client.MockRestServiceServerResetTestExecutionListener@67b9b51a, org.springframework.boot.test.autoconfigure.web.servlet.MockMvcPrintOnlyOnFailureTestExecutionListener@1205bd62, org.springframework.boot.test.autoconfigure.web.servlet.WebDriverTestExecutionListener@7ef27d7f]

  .   ____          _            __ _ _
 /\\ / ___'_ __ _ _(_)_ __  __ _ \ \ \ \
( ( )\___ | '_ | '_| | '_ \/ _` | \ \ \ \
 \\/  ___)| |_)| | | | | || (_| |  ) ) ) )
  '  |____| .__|_| |_|_| |_\__, | / / / /
 =========|_|==============|___/=/_/_/_/
 :: Spring Boot ::        (v2.1.5.RELEASE)

2020-12-01 10:34:30,572^|9^|INFO^|main^|com.heima.behavior.test.BehaviorTest^|logStarting^|Starting BehaviorTest on DESKTOP-A7UV77A with PID 23144 (started by Lenovo in E:\APP\heima-leadnews\heima-leadnews\heima-leadnews-behavior)
2020-12-01 10:34:30,574^|11^|DEBUG^|main^|com.heima.behavior.test.BehaviorTest^|logStarting^|Running with Spring Boot v2.1.5.RELEASE, Spring v5.1.7.RELEASE
2020-12-01 10:34:30,574^|13^|INFO^|main^|com.heima.behavior.test.BehaviorTest^|logStartupProfileInfo^|The following profiles are active: test
2020-12-01 10:34:31,831^|15^|DEBUG^|main^|org.apache.ibatis.logging.LogFactory^|setImplementation^|Logging initialized using 'class org.apache.ibatis.logging.slf4j.Slf4jImpl' adapter.
2020-12-01 10:34:32,289^|17^|INFO^|main^|org.springframework.data.repository.config.RepositoryConfigurationDelegate^|multipleStoresDetected^|Multiple Spring Data modules found, entering strict repository configuration mode!
2020-12-01 10:34:32,293^|19^|INFO^|main^|org.springframework.data.repository.config.RepositoryConfigurationDelegate^|registerRepositoriesIn^|Bootstrapping Spring Data repositories in DEFAULT mode.
2020-12-01 10:34:32,325^|21^|INFO^|main^|org.springframework.data.repository.config.RepositoryConfigurationDelegate^|registerRepositoriesIn^|Finished Spring Data repository scanning in 22ms. Found 0 repository interfaces.
2020-12-01 10:34:32,334^|23^|INFO^|main^|org.springframework.data.repository.config.RepositoryConfigurationDelegate^|multipleStoresDetected^|Multiple Spring Data modules found, entering strict repository configuration mode!
2020-12-01 10:34:32,334^|25^|INFO^|main^|org.springframework.data.repository.config.RepositoryConfigurationDelegate^|registerRepositoriesIn^|Bootstrapping Spring Data repositories in DEFAULT mode.
2020-12-01 10:34:32,341^|27^|INFO^|main^|org.springframework.data.repository.config.RepositoryConfigurationDelegate^|registerRepositoriesIn^|Finished Spring Data repository scanning in 6ms. Found 0 repository interfaces.
2020-12-01 10:34:33,147^|29^|INFO^|main^|org.springframework.context.support.PostProcessorRegistrationDelegate$BeanPostProcessorChecker^|postProcessAfterInitialization^|Bean 'transactionConfig' of type [com.heima.common.mysql.core.TransactionConfig$$EnhancerBySpringCGLIB$$9603be63] is not eligible for getting processed by all BeanPostProcessors (for example: not eligible for auto-proxying)
2020-12-01 10:34:33,213^|31^|INFO^|main^|org.springframework.context.support.PostProcessorRegistrationDelegate$BeanPostProcessorChecker^|postProcessAfterInitialization^|Bean 'mysqlCoreConfig' of type [com.heima.common.mysql.core.MysqlCoreConfig$$EnhancerBySpringCGLIB$$46780746] is not eligible for getting processed by all BeanPostProcessors (for example: not eligible for auto-proxying)
2020-12-01 10:34:33,245^|33^|DEBUG^|main^|com.zaxxer.hikari.HikariConfig^|setDriverClassName^|Driver class com.mysql.jdbc.Driver found in Thread context class loader sun.misc.Launcher$AppClassLoader@42a57993
2020-12-01 10:34:33,266^|35^|INFO^|main^|org.springframework.context.support.PostProcessorRegistrationDelegate$BeanPostProcessorChecker^|postProcessAfterInitialization^|Bean 'mysqlCoreDataSource' of type [com.zaxxer.hikari.HikariDataSource] is not eligible for getting processed by all BeanPostProcessors (for example: not eligible for auto-proxying)
2020-12-01 10:34:33,291^|37^|INFO^|main^|org.springframework.context.support.PostProcessorRegistrationDelegate$BeanPostProcessorChecker^|postProcessAfterInitialization^|Bean 'mysqlCoreDataSourceTransactionManager' of type [org.springframework.jdbc.datasource.DataSourceTransactionManager] is not eligible for getting processed by all BeanPostProcessors (for example: not eligible for auto-proxying)
2020-12-01 10:34:33,311^|39^|INFO^|main^|org.springframework.context.support.PostProcessorRegistrationDelegate$BeanPostProcessorChecker^|postProcessAfterInitialization^|Bean 'mysqlCoreDataSourceTxAdvice' of type [org.springframework.transaction.interceptor.TransactionInterceptor] is not eligible for getting processed by all BeanPostProcessors (for example: not eligible for auto-proxying)
2020-12-01 10:34:33,325^|41^|INFO^|main^|org.springframework.context.support.PostProcessorRegistrationDelegate$BeanPostProcessorChecker^|postProcessAfterInitialization^|Bean 'txAdviceAdvisor' of type [org.springframework.aop.support.DefaultPointcutAdvisor] is not eligible for getting processed by all BeanPostProcessors (for example: not eligible for auto-proxying)
2020-12-01 10:34:33,341^|43^|INFO^|main^|org.springframework.context.support.PostProcessorRegistrationDelegate$BeanPostProcessorChecker^|postProcessAfterInitialization^|Bean 'org.springframework.transaction.annotation.ProxyTransactionManagementConfiguration' of type [org.springframework.transaction.annotation.ProxyTransactionManagementConfiguration$$EnhancerBySpringCGLIB$$49265d9] is not eligible for getting processed by all BeanPostProcessors (for example: not eligible for auto-proxying)
2020-12-01 10:34:33,679^|45^|DEBUG^|main^|com.zaxxer.hikari.HikariConfig^|logConfiguration^|HikariPool-1 - configuration:
2020-12-01 10:34:33,682^|47^|DEBUG^|main^|com.zaxxer.hikari.HikariConfig^|logConfiguration^|allowPoolSuspension.............false
2020-12-01 10:34:33,683^|49^|DEBUG^|main^|com.zaxxer.hikari.HikariConfig^|logConfiguration^|autoCommit......................true
2020-12-01 10:34:33,683^|51^|DEBUG^|main^|com.zaxxer.hikari.HikariConfig^|logConfiguration^|catalog.........................none
2020-12-01 10:34:33,684^|53^|DEBUG^|main^|com.zaxxer.hikari.HikariConfig^|logConfiguration^|connectionInitSql...............none
2020-12-01 10:34:33,684^|55^|DEBUG^|main^|com.zaxxer.hikari.HikariConfig^|logConfiguration^|connectionTestQuery.............none
2020-12-01 10:34:33,685^|57^|DEBUG^|main^|com.zaxxer.hikari.HikariConfig^|logConfiguration^|connectionTimeout...............30000
2020-12-01 10:34:33,686^|59^|DEBUG^|main^|com.zaxxer.hikari.HikariConfig^|logConfiguration^|dataSource......................none
2020-12-01 10:34:33,687^|61^|DEBUG^|main^|com.zaxxer.hikari.HikariConfig^|logConfiguration^|dataSourceClassName.............none
2020-12-01 10:34:33,687^|63^|DEBUG^|main^|com.zaxxer.hikari.HikariConfig^|logConfiguration^|dataSourceJNDI..................none
2020-12-01 10:34:33,688^|65^|DEBUG^|main^|com.zaxxer.hikari.HikariConfig^|logConfiguration^|dataSourceProperties............{password=<masked>}
2020-12-01 10:34:33,689^|67^|DEBUG^|main^|com.zaxxer.hikari.HikariConfig^|logConfiguration^|driverClassName................."com.mysql.jdbc.Driver"
2020-12-01 10:34:33,690^|69^|DEBUG^|main^|com.zaxxer.hikari.HikariConfig^|logConfiguration^|healthCheckProperties...........{}
2020-12-01 10:34:33,690^|71^|DEBUG^|main^|com.zaxxer.hikari.HikariConfig^|logConfiguration^|healthCheckRegistry.............none
2020-12-01 10:34:33,691^|73^|DEBUG^|main^|com.zaxxer.hikari.HikariConfig^|logConfiguration^|idleTimeout.....................600000
2020-12-01 10:34:33,691^|75^|DEBUG^|main^|com.zaxxer.hikari.HikariConfig^|logConfiguration^|initializationFailTimeout.......1
2020-12-01 10:34:33,691^|77^|DEBUG^|main^|com.zaxxer.hikari.HikariConfig^|logConfiguration^|isolateInternalQueries..........false
2020-12-01 10:34:33,692^|79^|DEBUG^|main^|com.zaxxer.hikari.HikariConfig^|logConfiguration^|jdbcUrl.........................jdbc:mysql://127.0.0.1:3306/heima_leadnews?autoReconnect=true&useUnicode=true&characterEncoding=utf8&serverTimezone=Asia/Shanghai
2020-12-01 10:34:33,692^|81^|DEBUG^|main^|com.zaxxer.hikari.HikariConfig^|logConfiguration^|leakDetectionThreshold..........0
2020-12-01 10:34:33,693^|83^|DEBUG^|main^|com.zaxxer.hikari.HikariConfig^|logConfiguration^|maxLifetime.....................1800000
2020-12-01 10:34:33,694^|85^|DEBUG^|main^|com.zaxxer.hikari.HikariConfig^|logConfiguration^|maximumPoolSize.................50
2020-12-01 10:34:33,694^|87^|DEBUG^|main^|com.zaxxer.hikari.HikariConfig^|logConfiguration^|metricRegistry..................none
2020-12-01 10:34:33,695^|89^|DEBUG^|main^|com.zaxxer.hikari.HikariConfig^|logConfiguration^|metricsTrackerFactory...........none
2020-12-01 10:34:33,695^|91^|DEBUG^|main^|com.zaxxer.hikari.HikariConfig^|logConfiguration^|minimumIdle.....................5
2020-12-01 10:34:33,696^|93^|DEBUG^|main^|com.zaxxer.hikari.HikariConfig^|logConfiguration^|password........................<masked>
2020-12-01 10:34:33,696^|95^|DEBUG^|main^|com.zaxxer.hikari.HikariConfig^|logConfiguration^|poolName........................"HikariPool-1"
2020-12-01 10:34:33,697^|97^|DEBUG^|main^|com.zaxxer.hikari.HikariConfig^|logConfiguration^|readOnly........................false
2020-12-01 10:34:33,697^|99^|DEBUG^|main^|com.zaxxer.hikari.HikariConfig^|logConfiguration^|registerMbeans..................false
2020-12-01 10:34:33,698^|101^|DEBUG^|main^|com.zaxxer.hikari.HikariConfig^|logConfiguration^|scheduledExecutor...............none
2020-12-01 10:34:33,699^|103^|DEBUG^|main^|com.zaxxer.hikari.HikariConfig^|logConfiguration^|schema..........................none
2020-12-01 10:34:33,700^|105^|DEBUG^|main^|com.zaxxer.hikari.HikariConfig^|logConfiguration^|threadFactory...................internal
2020-12-01 10:34:33,701^|107^|DEBUG^|main^|com.zaxxer.hikari.HikariConfig^|logConfiguration^|transactionIsolation............default
2020-12-01 10:34:33,701^|109^|DEBUG^|main^|com.zaxxer.hikari.HikariConfig^|logConfiguration^|username........................"root"
2020-12-01 10:34:33,702^|111^|DEBUG^|main^|com.zaxxer.hikari.HikariConfig^|logConfiguration^|validationTimeout...............5000
2020-12-01 10:34:33,702^|113^|INFO^|main^|com.zaxxer.hikari.HikariDataSource^|getConnection^|HikariPool-1 - Starting...
2020-12-01 10:34:34,127^|115^|DEBUG^|main^|com.zaxxer.hikari.pool.HikariPool^|checkFailFast^|HikariPool-1 - Added connection com.mysql.jdbc.JDBC4Connection@57545c3f
2020-12-01 10:34:34,130^|117^|INFO^|main^|com.zaxxer.hikari.HikariDataSource^|getConnection^|HikariPool-1 - Start completed.
2020-12-01 10:34:34,231^|119^|DEBUG^|HikariPool-1 housekeeper^|com.zaxxer.hikari.pool.HikariPool^|logPoolState^|HikariPool-1 - Before cleanup stats (total=1, active=0, idle=1, waiting=0)
2020-12-01 10:34:34,232^|121^|DEBUG^|HikariPool-1 housekeeper^|com.zaxxer.hikari.pool.HikariPool^|logPoolState^|HikariPool-1 - After cleanup  stats (total=1, active=0, idle=1, waiting=0)
2020-12-01 10:34:34,241^|123^|DEBUG^|HikariPool-1 connection adder^|com.zaxxer.hikari.pool.HikariPool^|call^|HikariPool-1 - Added connection com.mysql.jdbc.JDBC4Connection@37812c65
2020-12-01 10:34:34,248^|125^|DEBUG^|HikariPool-1 connection adder^|com.zaxxer.hikari.pool.HikariPool^|call^|HikariPool-1 - Added connection com.mysql.jdbc.JDBC4Connection@57aed32a
2020-12-01 10:34:34,255^|127^|DEBUG^|HikariPool-1 connection adder^|com.zaxxer.hikari.pool.HikariPool^|call^|HikariPool-1 - Added connection com.mysql.jdbc.JDBC4Connection@53e0683d
2020-12-01 10:34:34,263^|129^|DEBUG^|HikariPool-1 connection adder^|com.zaxxer.hikari.pool.HikariPool^|call^|HikariPool-1 - Added connection com.mysql.jdbc.JDBC4Connection@3aea926d
2020-12-01 10:34:34,264^|131^|DEBUG^|HikariPool-1 connection adder^|com.zaxxer.hikari.pool.HikariPool^|logPoolState^|HikariPool-1 - After adding stats (total=5, active=0, idle=5, waiting=0)
2020-12-01 10:34:34,294^|133^|INFO^|main^|org.hibernate.jpa.internal.util.LogHelper^|logPersistenceUnitInformation^|HHH000204: Processing PersistenceUnitInfo [
	name: default
	...]
2020-12-01 10:34:34,413^|135^|INFO^|main^|org.hibernate.Version^|logVersion^|HHH000412: Hibernate Core {5.3.10.Final}
2020-12-01 10:34:34,415^|137^|INFO^|main^|org.hibernate.cfg.Environment^|<clinit>^|HHH000206: hibernate.properties not found
2020-12-01 10:34:34,700^|139^|INFO^|main^|org.hibernate.annotations.common.Version^|<clinit>^|HCANN000001: Hibernate Commons Annotations {5.0.4.Final}
2020-12-01 10:34:35,876^|141^|INFO^|main^|org.hibernate.dialect.Dialect^|<init>^|HHH000400: Using dialect: org.hibernate.dialect.MySQL5Dialect
2020-12-01 10:34:36,092^|143^|INFO^|main^|org.springframework.orm.jpa.LocalContainerEntityManagerFactoryBean^|buildNativeEntityManagerFactory^|Initialized JPA EntityManagerFactory for persistence unit 'default'
2020-12-01 10:34:40,373^|145^|INFO^|main^|org.springframework.scheduling.concurrent.ThreadPoolTaskExecutor^|initialize^|Initializing ExecutorService 'applicationTaskExecutor'
2020-12-01 10:34:40,529^|147^|WARN^|main^|org.springframework.boot.autoconfigure.orm.jpa.JpaBaseConfiguration$JpaWebConfiguration$JpaWebMvcConfiguration^|openEntityManagerInViewInterceptor^|spring.jpa.open-in-view is enabled by default. Therefore, database queries may be performed during view rendering. Explicitly configure spring.jpa.open-in-view to disable this warning
2020-12-01 10:34:42,426^|149^|INFO^|main^|org.springframework.boot.actuate.endpoint.web.EndpointLinksResolver^|<init>^|Exposing 2 endpoint(s) beneath base path '/actuator'
2020-12-01 10:34:42,571^|151^|INFO^|main^|com.heima.behavior.test.BehaviorTest^|logStarted^|Started BehaviorTest in 12.547 seconds (JVM running for 14.562)
2020-12-01 10:34:42,812^|153^|DEBUG^|main^|com.heima.model.mappers.app.ApBehaviorEntryMapper.selectByUserIdOrEquipemntId^|debug^|==>  Preparing: select id, type, entry_id, created_time from ap_behavior_entry a where a.entry_id=? and type=0 limit 1 
2020-12-01 10:34:42,852^|155^|DEBUG^|main^|com.heima.model.mappers.app.ApBehaviorEntryMapper.selectByUserIdOrEquipemntId^|debug^|==> Parameters: 1(Integer)
2020-12-01 10:34:42,876^|157^|DEBUG^|main^|com.heima.model.mappers.app.ApBehaviorEntryMapper.selectByUserIdOrEquipemntId^|debug^|<==      Total: 1
2020-12-01 10:34:42,880^|159^|DEBUG^|main^|com.heima.model.mappers.app.ApShowBehaviorMapper.selectListByEntryIdAndArticleIds^|debug^|==>  Preparing: select id, entry_id, article_id, is_click, show_time, created_time from ap_show_behavior where entry_id=? and article_id in( ? ) 
2020-12-01 10:34:42,881^|161^|DEBUG^|main^|com.heima.model.mappers.app.ApShowBehaviorMapper.selectListByEntryIdAndArticleIds^|debug^|==> Parameters: 1(Integer), 10160(Integer)
2020-12-01 10:35:04,235^|163^|DEBUG^|HikariPool-1 housekeeper^|com.zaxxer.hikari.pool.HikariPool^|logPoolState^|HikariPool-1 - Before cleanup stats (total=5, active=1, idle=4, waiting=0)
2020-12-01 10:35:04,236^|165^|DEBUG^|HikariPool-1 housekeeper^|com.zaxxer.hikari.pool.HikariPool^|logPoolState^|HikariPool-1 - After cleanup  stats (total=5, active=1, idle=4, waiting=0)
2020-12-01 10:35:04,243^|167^|DEBUG^|HikariPool-1 connection adder^|com.zaxxer.hikari.pool.HikariPool^|call^|HikariPool-1 - Added connection com.mysql.jdbc.JDBC4Connection@6a34cf7a
2020-12-01 10:35:04,243^|169^|DEBUG^|HikariPool-1 connection adder^|com.zaxxer.hikari.pool.HikariPool^|logPoolState^|HikariPool-1 - After adding stats (total=6, active=1, idle=5, waiting=0)
2020-12-01 10:35:34,237^|171^|DEBUG^|HikariPool-1 housekeeper^|com.zaxxer.hikari.pool.HikariPool^|logPoolState^|HikariPool-1 - Before cleanup stats (total=6, active=1, idle=5, waiting=0)
2020-12-01 10:35:34,237^|173^|DEBUG^|HikariPool-1 housekeeper^|com.zaxxer.hikari.pool.HikariPool^|logPoolState^|HikariPool-1 - After cleanup  stats (total=6, active=1, idle=5, waiting=0)
2020-12-01 10:36:04,240^|175^|DEBUG^|HikariPool-1 housekeeper^|com.zaxxer.hikari.pool.HikariPool^|logPoolState^|HikariPool-1 - Before cleanup stats (total=6, active=1, idle=5, waiting=0)
2020-12-01 10:36:04,240^|177^|DEBUG^|HikariPool-1 housekeeper^|com.zaxxer.hikari.pool.HikariPool^|logPoolState^|HikariPool-1 - After cleanup  stats (total=6, active=1, idle=5, waiting=0)
2020-12-01 10:36:34,243^|179^|DEBUG^|HikariPool-1 housekeeper^|com.zaxxer.hikari.pool.HikariPool^|logPoolState^|HikariPool-1 - Before cleanup stats (total=6, active=1, idle=5, waiting=0)
2020-12-01 10:36:34,243^|181^|DEBUG^|HikariPool-1 housekeeper^|com.zaxxer.hikari.pool.HikariPool^|logPoolState^|HikariPool-1 - After cleanup  stats (total=6, active=1, idle=5, waiting=0)
2020-12-01 10:37:04,248^|183^|DEBUG^|HikariPool-1 housekeeper^|com.zaxxer.hikari.pool.HikariPool^|logPoolState^|HikariPool-1 - Before cleanup stats (total=6, active=1, idle=5, waiting=0)
2020-12-01 10:37:04,252^|185^|DEBUG^|HikariPool-1 housekeeper^|com.zaxxer.hikari.pool.HikariPool^|logPoolState^|HikariPool-1 - After cleanup  stats (total=6, active=1, idle=5, waiting=0)
2020-12-01 10:37:34,263^|187^|DEBUG^|HikariPool-1 housekeeper^|com.zaxxer.hikari.pool.HikariPool^|logPoolState^|HikariPool-1 - Before cleanup stats (total=6, active=1, idle=5, waiting=0)
2020-12-01 10:37:34,264^|189^|DEBUG^|HikariPool-1 housekeeper^|com.zaxxer.hikari.pool.HikariPool^|logPoolState^|HikariPool-1 - After cleanup  stats (total=6, active=1, idle=5, waiting=0)
2020-12-01 10:38:04,267^|191^|DEBUG^|HikariPool-1 housekeeper^|com.zaxxer.hikari.pool.HikariPool^|logPoolState^|HikariPool-1 - Before cleanup stats (total=6, active=1, idle=5, waiting=0)
2020-12-01 10:38:04,267^|193^|DEBUG^|HikariPool-1 housekeeper^|com.zaxxer.hikari.pool.HikariPool^|logPoolState^|HikariPool-1 - After cleanup  stats (total=6, active=1, idle=5, waiting=0)
2020-12-01 10:38:34,269^|195^|DEBUG^|HikariPool-1 housekeeper^|com.zaxxer.hikari.pool.HikariPool^|logPoolState^|HikariPool-1 - Before cleanup stats (total=6, active=1, idle=5, waiting=0)
2020-12-01 10:38:34,269^|197^|DEBUG^|HikariPool-1 housekeeper^|com.zaxxer.hikari.pool.HikariPool^|logPoolState^|HikariPool-1 - After cleanup  stats (total=6, active=1, idle=5, waiting=0)
2020-12-01 10:39:04,271^|199^|DEBUG^|HikariPool-1 housekeeper^|com.zaxxer.hikari.pool.HikariPool^|logPoolState^|HikariPool-1 - Before cleanup stats (total=6, active=1, idle=5, waiting=0)
2020-12-01 10:39:04,271^|201^|DEBUG^|HikariPool-1 housekeeper^|com.zaxxer.hikari.pool.HikariPool^|logPoolState^|HikariPool-1 - After cleanup  stats (total=6, active=1, idle=5, waiting=0)
2020-12-01 10:39:34,273^|203^|DEBUG^|HikariPool-1 housekeeper^|com.zaxxer.hikari.pool.HikariPool^|logPoolState^|HikariPool-1 - Before cleanup stats (total=6, active=1, idle=5, waiting=0)
2020-12-01 10:39:34,273^|205^|DEBUG^|HikariPool-1 housekeeper^|com.zaxxer.hikari.pool.HikariPool^|logPoolState^|HikariPool-1 - After cleanup  stats (total=6, active=1, idle=5, waiting=0)
2020-12-01 10:40:04,275^|207^|DEBUG^|HikariPool-1 housekeeper^|com.zaxxer.hikari.pool.HikariPool^|logPoolState^|HikariPool-1 - Before cleanup stats (total=6, active=1, idle=5, waiting=0)
2020-12-01 10:40:04,275^|209^|DEBUG^|HikariPool-1 housekeeper^|com.zaxxer.hikari.pool.HikariPool^|logPoolState^|HikariPool-1 - After cleanup  stats (total=6, active=1, idle=5, waiting=0)
2020-12-01 10:40:34,277^|211^|DEBUG^|HikariPool-1 housekeeper^|com.zaxxer.hikari.pool.HikariPool^|logPoolState^|HikariPool-1 - Before cleanup stats (total=6, active=1, idle=5, waiting=0)
2020-12-01 10:40:34,277^|213^|DEBUG^|HikariPool-1 housekeeper^|com.zaxxer.hikari.pool.HikariPool^|logPoolState^|HikariPool-1 - After cleanup  stats (total=6, active=1, idle=5, waiting=0)
2020-12-01 10:41:04,279^|215^|DEBUG^|HikariPool-1 housekeeper^|com.zaxxer.hikari.pool.HikariPool^|logPoolState^|HikariPool-1 - Before cleanup stats (total=6, active=1, idle=5, waiting=0)
2020-12-01 10:41:04,279^|217^|DEBUG^|HikariPool-1 housekeeper^|com.zaxxer.hikari.pool.HikariPool^|logPoolState^|HikariPool-1 - After cleanup  stats (total=6, active=1, idle=5, waiting=0)
2020-12-01 10:41:34,281^|219^|DEBUG^|HikariPool-1 housekeeper^|com.zaxxer.hikari.pool.HikariPool^|logPoolState^|HikariPool-1 - Before cleanup stats (total=6, active=1, idle=5, waiting=0)
2020-12-01 10:41:34,281^|221^|DEBUG^|HikariPool-1 housekeeper^|com.zaxxer.hikari.pool.HikariPool^|logPoolState^|HikariPool-1 - After cleanup  stats (total=6, active=1, idle=5, waiting=0)
2020-12-01 10:42:04,282^|223^|DEBUG^|HikariPool-1 housekeeper^|com.zaxxer.hikari.pool.HikariPool^|logPoolState^|HikariPool-1 - Before cleanup stats (total=6, active=1, idle=5, waiting=0)
2020-12-01 10:42:04,282^|225^|DEBUG^|HikariPool-1 housekeeper^|com.zaxxer.hikari.pool.HikariPool^|logPoolState^|HikariPool-1 - After cleanup  stats (total=6, active=1, idle=5, waiting=0)
2020-12-01 10:42:34,284^|227^|DEBUG^|HikariPool-1 housekeeper^|com.zaxxer.hikari.pool.HikariPool^|logPoolState^|HikariPool-1 - Before cleanup stats (total=6, active=1, idle=5, waiting=0)
2020-12-01 10:42:34,284^|229^|DEBUG^|HikariPool-1 housekeeper^|com.zaxxer.hikari.pool.HikariPool^|logPoolState^|HikariPool-1 - After cleanup  stats (total=6, active=1, idle=5, waiting=0)
2020-12-01 10:43:04,285^|231^|DEBUG^|HikariPool-1 housekeeper^|com.zaxxer.hikari.pool.HikariPool^|logPoolState^|HikariPool-1 - Before cleanup stats (total=6, active=1, idle=5, waiting=0)
2020-12-01 10:43:04,285^|233^|DEBUG^|HikariPool-1 housekeeper^|com.zaxxer.hikari.pool.HikariPool^|logPoolState^|HikariPool-1 - After cleanup  stats (total=6, active=1, idle=5, waiting=0)
2020-12-01 10:43:34,287^|235^|DEBUG^|HikariPool-1 housekeeper^|com.zaxxer.hikari.pool.HikariPool^|logPoolState^|HikariPool-1 - Before cleanup stats (total=6, active=1, idle=5, waiting=0)
2020-12-01 10:43:34,287^|237^|DEBUG^|HikariPool-1 housekeeper^|com.zaxxer.hikari.pool.HikariPool^|logPoolState^|HikariPool-1 - After cleanup  stats (total=6, active=1, idle=5, waiting=0)
2020-12-01 10:44:04,288^|239^|DEBUG^|HikariPool-1 housekeeper^|com.zaxxer.hikari.pool.HikariPool^|logPoolState^|HikariPool-1 - Before cleanup stats (total=6, active=1, idle=5, waiting=0)
2020-12-01 10:44:04,288^|241^|DEBUG^|HikariPool-1 housekeeper^|com.zaxxer.hikari.pool.HikariPool^|logPoolState^|HikariPool-1 - After cleanup  stats (total=6, active=1, idle=5, waiting=0)
2020-12-01 10:44:34,290^|243^|DEBUG^|HikariPool-1 housekeeper^|com.zaxxer.hikari.pool.HikariPool^|logPoolState^|HikariPool-1 - Before cleanup stats (total=6, active=1, idle=5, waiting=0)
2020-12-01 10:44:34,290^|245^|DEBUG^|HikariPool-1 housekeeper^|com.zaxxer.hikari.pool.HikariPool^|logPoolState^|HikariPool-1 - After cleanup  stats (total=6, active=1, idle=5, waiting=0)
2020-12-01 10:45:04,291^|247^|DEBUG^|HikariPool-1 housekeeper^|com.zaxxer.hikari.pool.HikariPool^|logPoolState^|HikariPool-1 - Before cleanup stats (total=6, active=1, idle=5, waiting=0)
2020-12-01 10:45:04,291^|249^|DEBUG^|HikariPool-1 housekeeper^|com.zaxxer.hikari.pool.HikariPool^|logPoolState^|HikariPool-1 - After cleanup  stats (total=6, active=1, idle=5, waiting=0)
2020-12-01 10:45:34,292^|251^|DEBUG^|HikariPool-1 housekeeper^|com.zaxxer.hikari.pool.HikariPool^|logPoolState^|HikariPool-1 - Before cleanup stats (total=6, active=1, idle=5, waiting=0)
2020-12-01 10:45:34,292^|253^|DEBUG^|HikariPool-1 housekeeper^|com.zaxxer.hikari.pool.HikariPool^|logPoolState^|HikariPool-1 - After cleanup  stats (total=6, active=1, idle=5, waiting=0)
2020-12-01 10:46:04,294^|255^|DEBUG^|HikariPool-1 housekeeper^|com.zaxxer.hikari.pool.HikariPool^|logPoolState^|HikariPool-1 - Before cleanup stats (total=6, active=1, idle=5, waiting=0)
2020-12-01 10:46:04,294^|257^|DEBUG^|HikariPool-1 housekeeper^|com.zaxxer.hikari.pool.HikariPool^|logPoolState^|HikariPool-1 - After cleanup  stats (total=6, active=1, idle=5, waiting=0)
2020-12-01 10:46:34,297^|259^|DEBUG^|HikariPool-1 housekeeper^|com.zaxxer.hikari.pool.HikariPool^|logPoolState^|HikariPool-1 - Before cleanup stats (total=6, active=1, idle=5, waiting=0)
2020-12-01 10:46:34,297^|261^|DEBUG^|HikariPool-1 housekeeper^|com.zaxxer.hikari.pool.HikariPool^|logPoolState^|HikariPool-1 - After cleanup  stats (total=6, active=1, idle=5, waiting=0)
2020-12-01 10:47:04,299^|263^|DEBUG^|HikariPool-1 housekeeper^|com.zaxxer.hikari.pool.HikariPool^|logPoolState^|HikariPool-1 - Before cleanup stats (total=6, active=1, idle=5, waiting=0)
2020-12-01 10:47:04,299^|265^|DEBUG^|HikariPool-1 housekeeper^|com.zaxxer.hikari.pool.HikariPool^|logPoolState^|HikariPool-1 - After cleanup  stats (total=6, active=1, idle=5, waiting=0)
2020-12-01 10:47:34,301^|267^|DEBUG^|HikariPool-1 housekeeper^|com.zaxxer.hikari.pool.HikariPool^|logPoolState^|HikariPool-1 - Before cleanup stats (total=6, active=1, idle=5, waiting=0)
2020-12-01 10:47:34,301^|269^|DEBUG^|HikariPool-1 housekeeper^|com.zaxxer.hikari.pool.HikariPool^|logPoolState^|HikariPool-1 - After cleanup  stats (total=6, active=1, idle=5, waiting=0)
2020-12-01 10:48:04,303^|271^|DEBUG^|HikariPool-1 housekeeper^|com.zaxxer.hikari.pool.HikariPool^|logPoolState^|HikariPool-1 - Before cleanup stats (total=6, active=1, idle=5, waiting=0)
2020-12-01 10:48:04,303^|273^|DEBUG^|HikariPool-1 housekeeper^|com.zaxxer.hikari.pool.HikariPool^|logPoolState^|HikariPool-1 - After cleanup  stats (total=6, active=1, idle=5, waiting=0)
2020-12-01 10:48:34,304^|275^|DEBUG^|HikariPool-1 housekeeper^|com.zaxxer.hikari.pool.HikariPool^|logPoolState^|HikariPool-1 - Before cleanup stats (total=6, active=1, idle=5, waiting=0)
2020-12-01 10:48:34,304^|277^|DEBUG^|HikariPool-1 housekeeper^|com.zaxxer.hikari.pool.HikariPool^|logPoolState^|HikariPool-1 - After cleanup  stats (total=6, active=1, idle=5, waiting=0)
2020-12-01 10:49:04,306^|279^|DEBUG^|HikariPool-1 housekeeper^|com.zaxxer.hikari.pool.HikariPool^|logPoolState^|HikariPool-1 - Before cleanup stats (total=6, active=1, idle=5, waiting=0)
2020-12-01 10:49:04,306^|281^|DEBUG^|HikariPool-1 housekeeper^|com.zaxxer.hikari.pool.HikariPool^|logPoolState^|HikariPool-1 - After cleanup  stats (total=6, active=1, idle=5, waiting=0)
2020-12-01 10:49:34,308^|283^|DEBUG^|HikariPool-1 housekeeper^|com.zaxxer.hikari.pool.HikariPool^|logPoolState^|HikariPool-1 - Before cleanup stats (total=6, active=1, idle=5, waiting=0)
2020-12-01 10:49:34,308^|285^|DEBUG^|HikariPool-1 housekeeper^|com.zaxxer.hikari.pool.HikariPool^|logPoolState^|HikariPool-1 - After cleanup  stats (total=6, active=1, idle=5, waiting=0)
2020-12-01 10:50:04,309^|287^|DEBUG^|HikariPool-1 housekeeper^|com.zaxxer.hikari.pool.HikariPool^|logPoolState^|HikariPool-1 - Before cleanup stats (total=6, active=1, idle=5, waiting=0)
2020-12-01 10:50:04,309^|289^|DEBUG^|HikariPool-1 housekeeper^|com.zaxxer.hikari.pool.HikariPool^|logPoolState^|HikariPool-1 - After cleanup  stats (total=6, active=1, idle=5, waiting=0)
2020-12-01 10:50:34,311^|291^|DEBUG^|HikariPool-1 housekeeper^|com.zaxxer.hikari.pool.HikariPool^|logPoolState^|HikariPool-1 - Before cleanup stats (total=6, active=1, idle=5, waiting=0)
2020-12-01 10:50:34,311^|293^|DEBUG^|HikariPool-1 housekeeper^|com.zaxxer.hikari.pool.HikariPool^|logPoolState^|HikariPool-1 - After cleanup  stats (total=6, active=1, idle=5, waiting=0)
2020-12-01 10:51:04,313^|295^|DEBUG^|HikariPool-1 housekeeper^|com.zaxxer.hikari.pool.HikariPool^|logPoolState^|HikariPool-1 - Before cleanup stats (total=6, active=1, idle=5, waiting=0)
2020-12-01 10:51:04,313^|297^|DEBUG^|HikariPool-1 housekeeper^|com.zaxxer.hikari.pool.HikariPool^|logPoolState^|HikariPool-1 - After cleanup  stats (total=6, active=1, idle=5, waiting=0)
2020-12-01 10:51:34,314^|299^|DEBUG^|HikariPool-1 housekeeper^|com.zaxxer.hikari.pool.HikariPool^|logPoolState^|HikariPool-1 - Before cleanup stats (total=6, active=1, idle=5, waiting=0)
2020-12-01 10:51:34,314^|301^|DEBUG^|HikariPool-1 housekeeper^|com.zaxxer.hikari.pool.HikariPool^|logPoolState^|HikariPool-1 - After cleanup  stats (total=6, active=1, idle=5, waiting=0)
2020-12-01 10:52:04,316^|303^|DEBUG^|HikariPool-1 housekeeper^|com.zaxxer.hikari.pool.HikariPool^|logPoolState^|HikariPool-1 - Before cleanup stats (total=6, active=1, idle=5, waiting=0)
2020-12-01 10:52:04,316^|305^|DEBUG^|HikariPool-1 housekeeper^|com.zaxxer.hikari.pool.HikariPool^|logPoolState^|HikariPool-1 - After cleanup  stats (total=6, active=1, idle=5, waiting=0)
2020-12-01 10:52:34,318^|307^|DEBUG^|HikariPool-1 housekeeper^|com.zaxxer.hikari.pool.HikariPool^|logPoolState^|HikariPool-1 - Before cleanup stats (total=6, active=1, idle=5, waiting=0)
2020-12-01 10:52:34,318^|309^|DEBUG^|HikariPool-1 housekeeper^|com.zaxxer.hikari.pool.HikariPool^|logPoolState^|HikariPool-1 - After cleanup  stats (total=6, active=1, idle=5, waiting=0)
2020-12-01 10:53:04,320^|311^|DEBUG^|HikariPool-1 housekeeper^|com.zaxxer.hikari.pool.HikariPool^|logPoolState^|HikariPool-1 - Before cleanup stats (total=6, active=1, idle=5, waiting=0)
2020-12-01 10:53:04,320^|313^|DEBUG^|HikariPool-1 housekeeper^|com.zaxxer.hikari.pool.HikariPool^|logPoolState^|HikariPool-1 - After cleanup  stats (total=6, active=1, idle=5, waiting=0)
2020-12-01 10:53:34,321^|315^|DEBUG^|HikariPool-1 housekeeper^|com.zaxxer.hikari.pool.HikariPool^|logPoolState^|HikariPool-1 - Before cleanup stats (total=6, active=1, idle=5, waiting=0)
2020-12-01 10:53:34,321^|317^|DEBUG^|HikariPool-1 housekeeper^|com.zaxxer.hikari.pool.HikariPool^|logPoolState^|HikariPool-1 - After cleanup  stats (total=6, active=1, idle=5, waiting=0)
2020-12-01 10:54:04,322^|319^|DEBUG^|HikariPool-1 housekeeper^|com.zaxxer.hikari.pool.HikariPool^|logPoolState^|HikariPool-1 - Before cleanup stats (total=6, active=1, idle=5, waiting=0)
2020-12-01 10:54:04,322^|321^|DEBUG^|HikariPool-1 housekeeper^|com.zaxxer.hikari.pool.HikariPool^|logPoolState^|HikariPool-1 - After cleanup  stats (total=6, active=1, idle=5, waiting=0)
2020-12-01 10:54:34,323^|323^|DEBUG^|HikariPool-1 housekeeper^|com.zaxxer.hikari.pool.HikariPool^|logPoolState^|HikariPool-1 - Before cleanup stats (total=6, active=1, idle=5, waiting=0)
2020-12-01 10:54:34,323^|325^|DEBUG^|HikariPool-1 housekeeper^|com.zaxxer.hikari.pool.HikariPool^|logPoolState^|HikariPool-1 - After cleanup  stats (total=6, active=1, idle=5, waiting=0)
2020-12-01 10:55:04,325^|327^|DEBUG^|HikariPool-1 housekeeper^|com.zaxxer.hikari.pool.HikariPool^|logPoolState^|HikariPool-1 - Before cleanup stats (total=6, active=1, idle=5, waiting=0)
2020-12-01 10:55:04,325^|329^|DEBUG^|HikariPool-1 housekeeper^|com.zaxxer.hikari.pool.HikariPool^|logPoolState^|HikariPool-1 - After cleanup  stats (total=6, active=1, idle=5, waiting=0)
2020-12-01 10:55:34,326^|331^|DEBUG^|HikariPool-1 housekeeper^|com.zaxxer.hikari.pool.HikariPool^|logPoolState^|HikariPool-1 - Before cleanup stats (total=6, active=1, idle=5, waiting=0)
2020-12-01 10:55:34,326^|333^|DEBUG^|HikariPool-1 housekeeper^|com.zaxxer.hikari.pool.HikariPool^|logPoolState^|HikariPool-1 - After cleanup  stats (total=6, active=1, idle=5, waiting=0)
2020-12-01 10:56:04,328^|335^|DEBUG^|HikariPool-1 housekeeper^|com.zaxxer.hikari.pool.HikariPool^|logPoolState^|HikariPool-1 - Before cleanup stats (total=6, active=1, idle=5, waiting=0)
2020-12-01 10:56:04,328^|337^|DEBUG^|HikariPool-1 housekeeper^|com.zaxxer.hikari.pool.HikariPool^|logPoolState^|HikariPool-1 - After cleanup  stats (total=6, active=1, idle=5, waiting=0)
2020-12-01 10:56:34,330^|339^|DEBUG^|HikariPool-1 housekeeper^|com.zaxxer.hikari.pool.HikariPool^|logPoolState^|HikariPool-1 - Before cleanup stats (total=6, active=1, idle=5, waiting=0)
2020-12-01 10:56:34,330^|341^|DEBUG^|HikariPool-1 housekeeper^|com.zaxxer.hikari.pool.HikariPool^|logPoolState^|HikariPool-1 - After cleanup  stats (total=6, active=1, idle=5, waiting=0)
2020-12-01 10:57:04,331^|343^|DEBUG^|HikariPool-1 housekeeper^|com.zaxxer.hikari.pool.HikariPool^|logPoolState^|HikariPool-1 - Before cleanup stats (total=6, active=1, idle=5, waiting=0)
2020-12-01 10:57:04,331^|345^|DEBUG^|HikariPool-1 housekeeper^|com.zaxxer.hikari.pool.HikariPool^|logPoolState^|HikariPool-1 - After cleanup  stats (total=6, active=1, idle=5, waiting=0)
2020-12-01 10:57:34,334^|347^|DEBUG^|HikariPool-1 housekeeper^|com.zaxxer.hikari.pool.HikariPool^|logPoolState^|HikariPool-1 - Before cleanup stats (total=6, active=1, idle=5, waiting=0)
2020-12-01 10:57:34,334^|349^|DEBUG^|HikariPool-1 housekeeper^|com.zaxxer.hikari.pool.HikariPool^|logPoolState^|HikariPool-1 - After cleanup  stats (total=6, active=1, idle=5, waiting=0)
2020-12-01 10:58:04,335^|351^|DEBUG^|HikariPool-1 housekeeper^|com.zaxxer.hikari.pool.HikariPool^|logPoolState^|HikariPool-1 - Before cleanup stats (total=6, active=1, idle=5, waiting=0)
2020-12-01 10:58:04,335^|353^|DEBUG^|HikariPool-1 housekeeper^|com.zaxxer.hikari.pool.HikariPool^|logPoolState^|HikariPool-1 - After cleanup  stats (total=6, active=1, idle=5, waiting=0)
2020-12-01 10:58:34,337^|355^|DEBUG^|HikariPool-1 housekeeper^|com.zaxxer.hikari.pool.HikariPool^|logPoolState^|HikariPool-1 - Before cleanup stats (total=6, active=1, idle=5, waiting=0)
2020-12-01 10:58:34,337^|357^|DEBUG^|HikariPool-1 housekeeper^|com.zaxxer.hikari.pool.HikariPool^|logPoolState^|HikariPool-1 - After cleanup  stats (total=6, active=1, idle=5, waiting=0)
2020-12-01 10:59:04,339^|359^|DEBUG^|HikariPool-1 housekeeper^|com.zaxxer.hikari.pool.HikariPool^|logPoolState^|HikariPool-1 - Before cleanup stats (total=6, active=1, idle=5, waiting=0)
2020-12-01 10:59:04,339^|361^|DEBUG^|HikariPool-1 housekeeper^|com.zaxxer.hikari.pool.HikariPool^|logPoolState^|HikariPool-1 - After cleanup  stats (total=6, active=1, idle=5, waiting=0)
2020-12-01 10:59:34,340^|363^|DEBUG^|HikariPool-1 housekeeper^|com.zaxxer.hikari.pool.HikariPool^|logPoolState^|HikariPool-1 - Before cleanup stats (total=6, active=1, idle=5, waiting=0)
2020-12-01 10:59:34,340^|365^|DEBUG^|HikariPool-1 housekeeper^|com.zaxxer.hikari.pool.HikariPool^|logPoolState^|HikariPool-1 - After cleanup  stats (total=6, active=1, idle=5, waiting=0)
2020-12-01 11:00:04,341^|367^|DEBUG^|HikariPool-1 housekeeper^|com.zaxxer.hikari.pool.HikariPool^|logPoolState^|HikariPool-1 - Before cleanup stats (total=6, active=1, idle=5, waiting=0)
2020-12-01 11:00:04,341^|369^|DEBUG^|HikariPool-1 housekeeper^|com.zaxxer.hikari.pool.HikariPool^|logPoolState^|HikariPool-1 - After cleanup  stats (total=6, active=1, idle=5, waiting=0)
2020-12-01 11:00:34,344^|371^|DEBUG^|HikariPool-1 housekeeper^|com.zaxxer.hikari.pool.HikariPool^|logPoolState^|HikariPool-1 - Before cleanup stats (total=6, active=1, idle=5, waiting=0)
2020-12-01 11:00:34,344^|373^|DEBUG^|HikariPool-1 housekeeper^|com.zaxxer.hikari.pool.HikariPool^|logPoolState^|HikariPool-1 - After cleanup  stats (total=6, active=1, idle=5, waiting=0)
2020-12-01 11:01:04,347^|375^|DEBUG^|HikariPool-1 housekeeper^|com.zaxxer.hikari.pool.HikariPool^|logPoolState^|HikariPool-1 - Before cleanup stats (total=6, active=1, idle=5, waiting=0)
2020-12-01 11:01:04,347^|377^|DEBUG^|HikariPool-1 housekeeper^|com.zaxxer.hikari.pool.HikariPool^|logPoolState^|HikariPool-1 - After cleanup  stats (total=6, active=1, idle=5, waiting=0)
2020-12-01 11:01:34,349^|379^|DEBUG^|HikariPool-1 housekeeper^|com.zaxxer.hikari.pool.HikariPool^|logPoolState^|HikariPool-1 - Before cleanup stats (total=6, active=1, idle=5, waiting=0)
2020-12-01 11:01:34,349^|381^|DEBUG^|HikariPool-1 housekeeper^|com.zaxxer.hikari.pool.HikariPool^|logPoolState^|HikariPool-1 - After cleanup  stats (total=6, active=1, idle=5, waiting=0)
2020-12-01 11:02:04,350^|383^|DEBUG^|HikariPool-1 housekeeper^|com.zaxxer.hikari.pool.HikariPool^|logPoolState^|HikariPool-1 - Before cleanup stats (total=6, active=1, idle=5, waiting=0)
2020-12-01 11:02:04,350^|385^|DEBUG^|HikariPool-1 housekeeper^|com.zaxxer.hikari.pool.HikariPool^|logPoolState^|HikariPool-1 - After cleanup  stats (total=6, active=1, idle=5, waiting=0)
2020-12-01 11:02:34,352^|387^|DEBUG^|HikariPool-1 housekeeper^|com.zaxxer.hikari.pool.HikariPool^|logPoolState^|HikariPool-1 - Before cleanup stats (total=6, active=1, idle=5, waiting=0)
2020-12-01 11:02:34,352^|389^|DEBUG^|HikariPool-1 housekeeper^|com.zaxxer.hikari.pool.HikariPool^|logPoolState^|HikariPool-1 - After cleanup  stats (total=6, active=1, idle=5, waiting=0)
2020-12-01 11:03:04,353^|391^|DEBUG^|HikariPool-1 housekeeper^|com.zaxxer.hikari.pool.HikariPool^|logPoolState^|HikariPool-1 - Before cleanup stats (total=6, active=1, idle=5, waiting=0)
2020-12-01 11:03:04,353^|393^|DEBUG^|HikariPool-1 housekeeper^|com.zaxxer.hikari.pool.HikariPool^|logPoolState^|HikariPool-1 - After cleanup  stats (total=6, active=1, idle=5, waiting=0)
2020-12-01 11:03:34,354^|395^|DEBUG^|HikariPool-1 housekeeper^|com.zaxxer.hikari.pool.HikariPool^|logPoolState^|HikariPool-1 - Before cleanup stats (total=6, active=1, idle=5, waiting=0)
2020-12-01 11:03:34,354^|397^|DEBUG^|HikariPool-1 housekeeper^|com.zaxxer.hikari.pool.HikariPool^|logPoolState^|HikariPool-1 - After cleanup  stats (total=6, active=1, idle=5, waiting=0)
2020-12-01 11:03:56,647^|399^|DEBUG^|HikariPool-1 connection closer^|com.zaxxer.hikari.pool.PoolBase^|quietlyCloseConnection^|HikariPool-1 - Closing connection com.mysql.jdbc.JDBC4Connection@3aea926d: (connection has passed maxLifetime)
2020-12-01 11:03:56,653^|401^|DEBUG^|HikariPool-1 connection adder^|com.zaxxer.hikari.pool.HikariPool^|call^|HikariPool-1 - Added connection com.mysql.jdbc.JDBC4Connection@270c2522
2020-12-01 11:04:04,355^|403^|DEBUG^|HikariPool-1 housekeeper^|com.zaxxer.hikari.pool.HikariPool^|logPoolState^|HikariPool-1 - Before cleanup stats (total=6, active=1, idle=5, waiting=0)
2020-12-01 11:04:04,355^|405^|DEBUG^|HikariPool-1 housekeeper^|com.zaxxer.hikari.pool.HikariPool^|logPoolState^|HikariPool-1 - After cleanup  stats (total=6, active=1, idle=5, waiting=0)
2020-12-01 11:04:05,265^|407^|DEBUG^|HikariPool-1 connection closer^|com.zaxxer.hikari.pool.PoolBase^|quietlyCloseConnection^|HikariPool-1 - Closing connection com.mysql.jdbc.JDBC4Connection@57aed32a: (connection has passed maxLifetime)
2020-12-01 11:04:05,275^|409^|DEBUG^|HikariPool-1 connection adder^|com.zaxxer.hikari.pool.HikariPool^|call^|HikariPool-1 - Added connection com.mysql.jdbc.JDBC4Connection@25c65d64
2020-12-01 11:04:21,703^|411^|DEBUG^|HikariPool-1 connection closer^|com.zaxxer.hikari.pool.PoolBase^|quietlyCloseConnection^|HikariPool-1 - Closing connection com.mysql.jdbc.JDBC4Connection@53e0683d: (connection has passed maxLifetime)
2020-12-01 11:04:21,715^|413^|DEBUG^|HikariPool-1 connection adder^|com.zaxxer.hikari.pool.HikariPool^|call^|HikariPool-1 - Added connection com.mysql.jdbc.JDBC4Connection@2e9dbf3d
2020-12-01 11:04:27,534^|415^|DEBUG^|HikariPool-1 connection closer^|com.zaxxer.hikari.pool.PoolBase^|quietlyCloseConnection^|HikariPool-1 - Closing connection com.mysql.jdbc.JDBC4Connection@6a34cf7a: (connection has passed maxLifetime)
2020-12-01 11:04:27,538^|417^|DEBUG^|HikariPool-1 connection adder^|com.zaxxer.hikari.pool.HikariPool^|call^|HikariPool-1 - Added connection com.mysql.jdbc.JDBC4Connection@4b5cd9dd
2020-12-01 11:04:31,972^|419^|DEBUG^|HikariPool-1 connection closer^|com.zaxxer.hikari.pool.PoolBase^|quietlyCloseConnection^|HikariPool-1 - Closing connection com.mysql.jdbc.JDBC4Connection@37812c65: (connection has passed maxLifetime)
2020-12-01 11:04:31,976^|421^|DEBUG^|HikariPool-1 connection adder^|com.zaxxer.hikari.pool.HikariPool^|call^|HikariPool-1 - Added connection com.mysql.jdbc.JDBC4Connection@2b732692
2020-12-01 11:04:34,358^|423^|DEBUG^|HikariPool-1 housekeeper^|com.zaxxer.hikari.pool.HikariPool^|logPoolState^|HikariPool-1 - Before cleanup stats (total=6, active=1, idle=5, waiting=0)
2020-12-01 11:04:34,358^|425^|DEBUG^|HikariPool-1 housekeeper^|com.zaxxer.hikari.pool.HikariPool^|logPoolState^|HikariPool-1 - After cleanup  stats (total=6, active=1, idle=5, waiting=0)
2020-12-01 11:05:04,360^|427^|DEBUG^|HikariPool-1 housekeeper^|com.zaxxer.hikari.pool.HikariPool^|logPoolState^|HikariPool-1 - Before cleanup stats (total=6, active=1, idle=5, waiting=0)
2020-12-01 11:05:04,360^|429^|DEBUG^|HikariPool-1 housekeeper^|com.zaxxer.hikari.pool.HikariPool^|logPoolState^|HikariPool-1 - After cleanup  stats (total=6, active=1, idle=5, waiting=0)
2020-12-01 11:05:34,361^|431^|DEBUG^|HikariPool-1 housekeeper^|com.zaxxer.hikari.pool.HikariPool^|logPoolState^|HikariPool-1 - Before cleanup stats (total=6, active=1, idle=5, waiting=0)
2020-12-01 11:05:34,361^|433^|DEBUG^|HikariPool-1 housekeeper^|com.zaxxer.hikari.pool.HikariPool^|logPoolState^|HikariPool-1 - After cleanup  stats (total=6, active=1, idle=5, waiting=0)
2020-12-01 11:06:04,363^|435^|DEBUG^|HikariPool-1 housekeeper^|com.zaxxer.hikari.pool.HikariPool^|logPoolState^|HikariPool-1 - Before cleanup stats (total=6, active=1, idle=5, waiting=0)
2020-12-01 11:06:04,363^|437^|DEBUG^|HikariPool-1 housekeeper^|com.zaxxer.hikari.pool.HikariPool^|logPoolState^|HikariPool-1 - After cleanup  stats (total=6, active=1, idle=5, waiting=0)
2020-12-01 11:06:34,365^|439^|DEBUG^|HikariPool-1 housekeeper^|com.zaxxer.hikari.pool.HikariPool^|logPoolState^|HikariPool-1 - Before cleanup stats (total=6, active=1, idle=5, waiting=0)
2020-12-01 11:06:34,365^|441^|DEBUG^|HikariPool-1 housekeeper^|com.zaxxer.hikari.pool.HikariPool^|logPoolState^|HikariPool-1 - After cleanup  stats (total=6, active=1, idle=5, waiting=0)
2020-12-01 11:07:04,366^|443^|DEBUG^|HikariPool-1 housekeeper^|com.zaxxer.hikari.pool.HikariPool^|logPoolState^|HikariPool-1 - Before cleanup stats (total=6, active=1, idle=5, waiting=0)
2020-12-01 11:07:04,366^|445^|DEBUG^|HikariPool-1 housekeeper^|com.zaxxer.hikari.pool.HikariPool^|logPoolState^|HikariPool-1 - After cleanup  stats (total=6, active=1, idle=5, waiting=0)
2020-12-01 11:07:34,368^|447^|DEBUG^|HikariPool-1 housekeeper^|com.zaxxer.hikari.pool.HikariPool^|logPoolState^|HikariPool-1 - Before cleanup stats (total=6, active=1, idle=5, waiting=0)
2020-12-01 11:07:34,368^|449^|DEBUG^|HikariPool-1 housekeeper^|com.zaxxer.hikari.pool.HikariPool^|logPoolState^|HikariPool-1 - After cleanup  stats (total=6, active=1, idle=5, waiting=0)
2020-12-01 11:08:04,369^|451^|DEBUG^|HikariPool-1 housekeeper^|com.zaxxer.hikari.pool.HikariPool^|logPoolState^|HikariPool-1 - Before cleanup stats (total=6, active=1, idle=5, waiting=0)
2020-12-01 11:08:04,369^|453^|DEBUG^|HikariPool-1 housekeeper^|com.zaxxer.hikari.pool.HikariPool^|logPoolState^|HikariPool-1 - After cleanup  stats (total=6, active=1, idle=5, waiting=0)
2020-12-01 11:08:34,371^|455^|DEBUG^|HikariPool-1 housekeeper^|com.zaxxer.hikari.pool.HikariPool^|logPoolState^|HikariPool-1 - Before cleanup stats (total=6, active=1, idle=5, waiting=0)
2020-12-01 11:08:34,371^|457^|DEBUG^|HikariPool-1 housekeeper^|com.zaxxer.hikari.pool.HikariPool^|logPoolState^|HikariPool-1 - After cleanup  stats (total=6, active=1, idle=5, waiting=0)
2020-12-01 11:09:04,372^|459^|DEBUG^|HikariPool-1 housekeeper^|com.zaxxer.hikari.pool.HikariPool^|logPoolState^|HikariPool-1 - Before cleanup stats (total=6, active=1, idle=5, waiting=0)
2020-12-01 11:09:04,372^|461^|DEBUG^|HikariPool-1 housekeeper^|com.zaxxer.hikari.pool.HikariPool^|logPoolState^|HikariPool-1 - After cleanup  stats (total=6, active=1, idle=5, waiting=0)
2020-12-01 11:09:34,373^|463^|DEBUG^|HikariPool-1 housekeeper^|com.zaxxer.hikari.pool.HikariPool^|logPoolState^|HikariPool-1 - Before cleanup stats (total=6, active=1, idle=5, waiting=0)
2020-12-01 11:09:34,373^|465^|DEBUG^|HikariPool-1 housekeeper^|com.zaxxer.hikari.pool.HikariPool^|logPoolState^|HikariPool-1 - After cleanup  stats (total=6, active=1, idle=5, waiting=0)
2020-12-01 11:10:04,374^|467^|DEBUG^|HikariPool-1 housekeeper^|com.zaxxer.hikari.pool.HikariPool^|logPoolState^|HikariPool-1 - Before cleanup stats (total=6, active=1, idle=5, waiting=0)
2020-12-01 11:10:04,374^|469^|DEBUG^|HikariPool-1 housekeeper^|com.zaxxer.hikari.pool.HikariPool^|logPoolState^|HikariPool-1 - After cleanup  stats (total=6, active=1, idle=5, waiting=0)
2020-12-01 11:10:34,376^|471^|DEBUG^|HikariPool-1 housekeeper^|com.zaxxer.hikari.pool.HikariPool^|logPoolState^|HikariPool-1 - Before cleanup stats (total=6, active=1, idle=5, waiting=0)
2020-12-01 11:10:34,376^|473^|DEBUG^|HikariPool-1 housekeeper^|com.zaxxer.hikari.pool.HikariPool^|logPoolState^|HikariPool-1 - After cleanup  stats (total=6, active=1, idle=5, waiting=0)
2020-12-01 11:11:04,377^|475^|DEBUG^|HikariPool-1 housekeeper^|com.zaxxer.hikari.pool.HikariPool^|logPoolState^|HikariPool-1 - Before cleanup stats (total=6, active=1, idle=5, waiting=0)
2020-12-01 11:11:04,377^|477^|DEBUG^|HikariPool-1 housekeeper^|com.zaxxer.hikari.pool.HikariPool^|logPoolState^|HikariPool-1 - After cleanup  stats (total=6, active=1, idle=5, waiting=0)
2020-12-01 11:11:34,378^|479^|DEBUG^|HikariPool-1 housekeeper^|com.zaxxer.hikari.pool.HikariPool^|logPoolState^|HikariPool-1 - Before cleanup stats (total=6, active=1, idle=5, waiting=0)
2020-12-01 11:11:34,378^|481^|DEBUG^|HikariPool-1 housekeeper^|com.zaxxer.hikari.pool.HikariPool^|logPoolState^|HikariPool-1 - After cleanup  stats (total=6, active=1, idle=5, waiting=0)
2020-12-01 11:12:04,380^|483^|DEBUG^|HikariPool-1 housekeeper^|com.zaxxer.hikari.pool.HikariPool^|logPoolState^|HikariPool-1 - Before cleanup stats (total=6, active=1, idle=5, waiting=0)
2020-12-01 11:12:04,380^|485^|DEBUG^|HikariPool-1 housekeeper^|com.zaxxer.hikari.pool.HikariPool^|logPoolState^|HikariPool-1 - After cleanup  stats (total=6, active=1, idle=5, waiting=0)
2020-12-01 11:12:34,382^|487^|DEBUG^|HikariPool-1 housekeeper^|com.zaxxer.hikari.pool.HikariPool^|logPoolState^|HikariPool-1 - Before cleanup stats (total=6, active=1, idle=5, waiting=0)
2020-12-01 11:12:34,382^|489^|DEBUG^|HikariPool-1 housekeeper^|com.zaxxer.hikari.pool.HikariPool^|logPoolState^|HikariPool-1 - After cleanup  stats (total=6, active=1, idle=5, waiting=0)
2020-12-01 11:13:04,383^|491^|DEBUG^|HikariPool-1 housekeeper^|com.zaxxer.hikari.pool.HikariPool^|logPoolState^|HikariPool-1 - Before cleanup stats (total=6, active=1, idle=5, waiting=0)
2020-12-01 11:13:04,383^|493^|DEBUG^|HikariPool-1 housekeeper^|com.zaxxer.hikari.pool.HikariPool^|logPoolState^|HikariPool-1 - After cleanup  stats (total=6, active=1, idle=5, waiting=0)
2020-12-01 11:13:34,384^|495^|DEBUG^|HikariPool-1 housekeeper^|com.zaxxer.hikari.pool.HikariPool^|logPoolState^|HikariPool-1 - Before cleanup stats (total=6, active=1, idle=5, waiting=0)
2020-12-01 11:13:34,384^|497^|DEBUG^|HikariPool-1 housekeeper^|com.zaxxer.hikari.pool.HikariPool^|logPoolState^|HikariPool-1 - After cleanup  stats (total=6, active=1, idle=5, waiting=0)
2020-12-01 11:14:04,385^|499^|DEBUG^|HikariPool-1 housekeeper^|com.zaxxer.hikari.pool.HikariPool^|logPoolState^|HikariPool-1 - Before cleanup stats (total=6, active=1, idle=5, waiting=0)
2020-12-01 11:14:04,385^|501^|DEBUG^|HikariPool-1 housekeeper^|com.zaxxer.hikari.pool.HikariPool^|logPoolState^|HikariPool-1 - After cleanup  stats (total=6, active=1, idle=5, waiting=0)
2020-12-01 11:14:34,387^|503^|DEBUG^|HikariPool-1 housekeeper^|com.zaxxer.hikari.pool.HikariPool^|logPoolState^|HikariPool-1 - Before cleanup stats (total=6, active=1, idle=5, waiting=0)
2020-12-01 11:14:34,387^|505^|DEBUG^|HikariPool-1 housekeeper^|com.zaxxer.hikari.pool.HikariPool^|logPoolState^|HikariPool-1 - After cleanup  stats (total=6, active=1, idle=5, waiting=0)
2020-12-01 11:15:04,388^|507^|DEBUG^|HikariPool-1 housekeeper^|com.zaxxer.hikari.pool.HikariPool^|logPoolState^|HikariPool-1 - Before cleanup stats (total=6, active=1, idle=5, waiting=0)
2020-12-01 11:15:04,388^|509^|DEBUG^|HikariPool-1 housekeeper^|com.zaxxer.hikari.pool.HikariPool^|logPoolState^|HikariPool-1 - After cleanup  stats (total=6, active=1, idle=5, waiting=0)
2020-12-01 11:15:34,389^|511^|DEBUG^|HikariPool-1 housekeeper^|com.zaxxer.hikari.pool.HikariPool^|logPoolState^|HikariPool-1 - Before cleanup stats (total=6, active=1, idle=5, waiting=0)
2020-12-01 11:15:34,389^|513^|DEBUG^|HikariPool-1 housekeeper^|com.zaxxer.hikari.pool.HikariPool^|logPoolState^|HikariPool-1 - After cleanup  stats (total=6, active=1, idle=5, waiting=0)
2020-12-01 11:16:04,392^|515^|DEBUG^|HikariPool-1 housekeeper^|com.zaxxer.hikari.pool.HikariPool^|logPoolState^|HikariPool-1 - Before cleanup stats (total=6, active=1, idle=5, waiting=0)
2020-12-01 11:16:04,392^|517^|DEBUG^|HikariPool-1 housekeeper^|com.zaxxer.hikari.pool.HikariPool^|logPoolState^|HikariPool-1 - After cleanup  stats (total=6, active=1, idle=5, waiting=0)
2020-12-01 11:16:34,393^|519^|DEBUG^|HikariPool-1 housekeeper^|com.zaxxer.hikari.pool.HikariPool^|logPoolState^|HikariPool-1 - Before cleanup stats (total=6, active=1, idle=5, waiting=0)
2020-12-01 11:16:34,393^|521^|DEBUG^|HikariPool-1 housekeeper^|com.zaxxer.hikari.pool.HikariPool^|logPoolState^|HikariPool-1 - After cleanup  stats (total=6, active=1, idle=5, waiting=0)
2020-12-01 11:17:04,395^|523^|DEBUG^|HikariPool-1 housekeeper^|com.zaxxer.hikari.pool.HikariPool^|logPoolState^|HikariPool-1 - Before cleanup stats (total=6, active=1, idle=5, waiting=0)
2020-12-01 11:17:04,395^|525^|DEBUG^|HikariPool-1 housekeeper^|com.zaxxer.hikari.pool.HikariPool^|logPoolState^|HikariPool-1 - After cleanup  stats (total=6, active=1, idle=5, waiting=0)
2020-12-01 11:17:34,396^|527^|DEBUG^|HikariPool-1 housekeeper^|com.zaxxer.hikari.pool.HikariPool^|logPoolState^|HikariPool-1 - Before cleanup stats (total=6, active=1, idle=5, waiting=0)
2020-12-01 11:17:34,396^|529^|DEBUG^|HikariPool-1 housekeeper^|com.zaxxer.hikari.pool.HikariPool^|logPoolState^|HikariPool-1 - After cleanup  stats (total=6, active=1, idle=5, waiting=0)
2020-12-01 11:18:04,397^|531^|DEBUG^|HikariPool-1 housekeeper^|com.zaxxer.hikari.pool.HikariPool^|logPoolState^|HikariPool-1 - Before cleanup stats (total=6, active=1, idle=5, waiting=0)
2020-12-01 11:18:04,397^|533^|DEBUG^|HikariPool-1 housekeeper^|com.zaxxer.hikari.pool.HikariPool^|logPoolState^|HikariPool-1 - After cleanup  stats (total=6, active=1, idle=5, waiting=0)
2020-12-01 11:18:34,398^|535^|DEBUG^|HikariPool-1 housekeeper^|com.zaxxer.hikari.pool.HikariPool^|logPoolState^|HikariPool-1 - Before cleanup stats (total=6, active=1, idle=5, waiting=0)
2020-12-01 11:18:34,398^|537^|DEBUG^|HikariPool-1 housekeeper^|com.zaxxer.hikari.pool.HikariPool^|logPoolState^|HikariPool-1 - After cleanup  stats (total=6, active=1, idle=5, waiting=0)
2020-12-01 11:19:04,400^|539^|DEBUG^|HikariPool-1 housekeeper^|com.zaxxer.hikari.pool.HikariPool^|logPoolState^|HikariPool-1 - Before cleanup stats (total=6, active=1, idle=5, waiting=0)
2020-12-01 11:19:04,400^|541^|DEBUG^|HikariPool-1 housekeeper^|com.zaxxer.hikari.pool.HikariPool^|logPoolState^|HikariPool-1 - After cleanup  stats (total=6, active=1, idle=5, waiting=0)
2020-12-01 11:19:34,401^|543^|DEBUG^|HikariPool-1 housekeeper^|com.zaxxer.hikari.pool.HikariPool^|logPoolState^|HikariPool-1 - Before cleanup stats (total=6, active=1, idle=5, waiting=0)
2020-12-01 11:19:34,401^|545^|DEBUG^|HikariPool-1 housekeeper^|com.zaxxer.hikari.pool.HikariPool^|logPoolState^|HikariPool-1 - After cleanup  stats (total=6, active=1, idle=5, waiting=0)
2020-12-01 11:20:04,403^|547^|DEBUG^|HikariPool-1 housekeeper^|com.zaxxer.hikari.pool.HikariPool^|logPoolState^|HikariPool-1 - Before cleanup stats (total=6, active=1, idle=5, waiting=0)
2020-12-01 11:20:04,403^|549^|DEBUG^|HikariPool-1 housekeeper^|com.zaxxer.hikari.pool.HikariPool^|logPoolState^|HikariPool-1 - After cleanup  stats (total=6, active=1, idle=5, waiting=0)
2020-12-01 11:20:34,405^|551^|DEBUG^|HikariPool-1 housekeeper^|com.zaxxer.hikari.pool.HikariPool^|logPoolState^|HikariPool-1 - Before cleanup stats (total=6, active=1, idle=5, waiting=0)
2020-12-01 11:20:34,405^|553^|DEBUG^|HikariPool-1 housekeeper^|com.zaxxer.hikari.pool.HikariPool^|logPoolState^|HikariPool-1 - After cleanup  stats (total=6, active=1, idle=5, waiting=0)
2020-12-01 11:21:04,407^|555^|DEBUG^|HikariPool-1 housekeeper^|com.zaxxer.hikari.pool.HikariPool^|logPoolState^|HikariPool-1 - Before cleanup stats (total=6, active=1, idle=5, waiting=0)
2020-12-01 11:21:04,407^|557^|DEBUG^|HikariPool-1 housekeeper^|com.zaxxer.hikari.pool.HikariPool^|logPoolState^|HikariPool-1 - After cleanup  stats (total=6, active=1, idle=5, waiting=0)
2020-12-01 11:21:34,409^|559^|DEBUG^|HikariPool-1 housekeeper^|com.zaxxer.hikari.pool.HikariPool^|logPoolState^|HikariPool-1 - Before cleanup stats (total=6, active=1, idle=5, waiting=0)
2020-12-01 11:21:34,409^|561^|DEBUG^|HikariPool-1 housekeeper^|com.zaxxer.hikari.pool.HikariPool^|logPoolState^|HikariPool-1 - After cleanup  stats (total=6, active=1, idle=5, waiting=0)
2020-12-01 11:22:04,411^|563^|DEBUG^|HikariPool-1 housekeeper^|com.zaxxer.hikari.pool.HikariPool^|logPoolState^|HikariPool-1 - Before cleanup stats (total=6, active=1, idle=5, waiting=0)
2020-12-01 11:22:04,411^|565^|DEBUG^|HikariPool-1 housekeeper^|com.zaxxer.hikari.pool.HikariPool^|logPoolState^|HikariPool-1 - After cleanup  stats (total=6, active=1, idle=5, waiting=0)
2020-12-01 11:22:34,412^|567^|DEBUG^|HikariPool-1 housekeeper^|com.zaxxer.hikari.pool.HikariPool^|logPoolState^|HikariPool-1 - Before cleanup stats (total=6, active=1, idle=5, waiting=0)
2020-12-01 11:22:34,412^|569^|DEBUG^|HikariPool-1 housekeeper^|com.zaxxer.hikari.pool.HikariPool^|logPoolState^|HikariPool-1 - After cleanup  stats (total=6, active=1, idle=5, waiting=0)
2020-12-01 11:23:04,413^|571^|DEBUG^|HikariPool-1 housekeeper^|com.zaxxer.hikari.pool.HikariPool^|logPoolState^|HikariPool-1 - Before cleanup stats (total=6, active=1, idle=5, waiting=0)
2020-12-01 11:23:04,413^|573^|DEBUG^|HikariPool-1 housekeeper^|com.zaxxer.hikari.pool.HikariPool^|logPoolState^|HikariPool-1 - After cleanup  stats (total=6, active=1, idle=5, waiting=0)
2020-12-01 11:23:34,414^|575^|DEBUG^|HikariPool-1 housekeeper^|com.zaxxer.hikari.pool.HikariPool^|logPoolState^|HikariPool-1 - Before cleanup stats (total=6, active=1, idle=5, waiting=0)
2020-12-01 11:23:34,414^|577^|DEBUG^|HikariPool-1 housekeeper^|com.zaxxer.hikari.pool.HikariPool^|logPoolState^|HikariPool-1 - After cleanup  stats (total=6, active=1, idle=5, waiting=0)
2020-12-01 11:24:04,416^|579^|DEBUG^|HikariPool-1 housekeeper^|com.zaxxer.hikari.pool.HikariPool^|logPoolState^|HikariPool-1 - Before cleanup stats (total=6, active=1, idle=5, waiting=0)
2020-12-01 11:24:04,416^|581^|DEBUG^|HikariPool-1 housekeeper^|com.zaxxer.hikari.pool.HikariPool^|logPoolState^|HikariPool-1 - After cleanup  stats (total=6, active=1, idle=5, waiting=0)
2020-12-01 11:24:34,418^|583^|DEBUG^|HikariPool-1 housekeeper^|com.zaxxer.hikari.pool.HikariPool^|logPoolState^|HikariPool-1 - Before cleanup stats (total=6, active=1, idle=5, waiting=0)
2020-12-01 11:24:34,418^|585^|DEBUG^|HikariPool-1 housekeeper^|com.zaxxer.hikari.pool.HikariPool^|logPoolState^|HikariPool-1 - After cleanup  stats (total=6, active=1, idle=5, waiting=0)
2020-12-01 11:25:04,419^|587^|DEBUG^|HikariPool-1 housekeeper^|com.zaxxer.hikari.pool.HikariPool^|logPoolState^|HikariPool-1 - Before cleanup stats (total=6, active=1, idle=5, waiting=0)
2020-12-01 11:25:04,419^|589^|DEBUG^|HikariPool-1 housekeeper^|com.zaxxer.hikari.pool.HikariPool^|logPoolState^|HikariPool-1 - After cleanup  stats (total=6, active=1, idle=5, waiting=0)
2020-12-01 11:25:34,422^|591^|DEBUG^|HikariPool-1 housekeeper^|com.zaxxer.hikari.pool.HikariPool^|logPoolState^|HikariPool-1 - Before cleanup stats (total=6, active=1, idle=5, waiting=0)
2020-12-01 11:25:34,422^|593^|DEBUG^|HikariPool-1 housekeeper^|com.zaxxer.hikari.pool.HikariPool^|logPoolState^|HikariPool-1 - After cleanup  stats (total=6, active=1, idle=5, waiting=0)
2020-12-01 11:26:04,424^|595^|DEBUG^|HikariPool-1 housekeeper^|com.zaxxer.hikari.pool.HikariPool^|logPoolState^|HikariPool-1 - Before cleanup stats (total=6, active=1, idle=5, waiting=0)
2020-12-01 11:26:04,424^|597^|DEBUG^|HikariPool-1 housekeeper^|com.zaxxer.hikari.pool.HikariPool^|logPoolState^|HikariPool-1 - After cleanup  stats (total=6, active=1, idle=5, waiting=0)
2020-12-01 11:26:34,425^|599^|DEBUG^|HikariPool-1 housekeeper^|com.zaxxer.hikari.pool.HikariPool^|logPoolState^|HikariPool-1 - Before cleanup stats (total=6, active=1, idle=5, waiting=0)
2020-12-01 11:26:34,426^|601^|DEBUG^|HikariPool-1 housekeeper^|com.zaxxer.hikari.pool.HikariPool^|logPoolState^|HikariPool-1 - After cleanup  stats (total=6, active=1, idle=5, waiting=0)
2020-12-01 11:27:04,445^|603^|DEBUG^|HikariPool-1 housekeeper^|com.zaxxer.hikari.pool.HikariPool^|logPoolState^|HikariPool-1 - Before cleanup stats (total=6, active=1, idle=5, waiting=0)
2020-12-01 11:27:04,445^|605^|DEBUG^|HikariPool-1 housekeeper^|com.zaxxer.hikari.pool.HikariPool^|logPoolState^|HikariPool-1 - After cleanup  stats (total=6, active=1, idle=5, waiting=0)
2020-12-01 11:27:34,446^|607^|DEBUG^|HikariPool-1 housekeeper^|com.zaxxer.hikari.pool.HikariPool^|logPoolState^|HikariPool-1 - Before cleanup stats (total=6, active=1, idle=5, waiting=0)
2020-12-01 11:27:34,446^|609^|DEBUG^|HikariPool-1 housekeeper^|com.zaxxer.hikari.pool.HikariPool^|logPoolState^|HikariPool-1 - After cleanup  stats (total=6, active=1, idle=5, waiting=0)
2020-12-01 11:28:04,447^|611^|DEBUG^|HikariPool-1 housekeeper^|com.zaxxer.hikari.pool.HikariPool^|logPoolState^|HikariPool-1 - Before cleanup stats (total=6, active=1, idle=5, waiting=0)
2020-12-01 11:28:04,447^|613^|DEBUG^|HikariPool-1 housekeeper^|com.zaxxer.hikari.pool.HikariPool^|logPoolState^|HikariPool-1 - After cleanup  stats (total=6, active=1, idle=5, waiting=0)
2020-12-01 11:28:34,457^|615^|DEBUG^|HikariPool-1 housekeeper^|com.zaxxer.hikari.pool.HikariPool^|logPoolState^|HikariPool-1 - Before cleanup stats (total=6, active=1, idle=5, waiting=0)
2020-12-01 11:28:34,457^|617^|DEBUG^|HikariPool-1 housekeeper^|com.zaxxer.hikari.pool.HikariPool^|logPoolState^|HikariPool-1 - After cleanup  stats (total=6, active=1, idle=5, waiting=0)
2020-12-01 11:29:04,460^|619^|DEBUG^|HikariPool-1 housekeeper^|com.zaxxer.hikari.pool.HikariPool^|logPoolState^|HikariPool-1 - Before cleanup stats (total=6, active=1, idle=5, waiting=0)
2020-12-01 11:29:04,460^|621^|DEBUG^|HikariPool-1 housekeeper^|com.zaxxer.hikari.pool.HikariPool^|logPoolState^|HikariPool-1 - After cleanup  stats (total=6, active=1, idle=5, waiting=0)
2020-12-01 11:29:34,462^|623^|DEBUG^|HikariPool-1 housekeeper^|com.zaxxer.hikari.pool.HikariPool^|logPoolState^|HikariPool-1 - Before cleanup stats (total=6, active=1, idle=5, waiting=0)
2020-12-01 11:29:34,462^|625^|DEBUG^|HikariPool-1 housekeeper^|com.zaxxer.hikari.pool.HikariPool^|logPoolState^|HikariPool-1 - After cleanup  stats (total=6, active=1, idle=5, waiting=0)
2020-12-01 11:30:04,463^|627^|DEBUG^|HikariPool-1 housekeeper^|com.zaxxer.hikari.pool.HikariPool^|logPoolState^|HikariPool-1 - Before cleanup stats (total=6, active=1, idle=5, waiting=0)
2020-12-01 11:30:04,463^|629^|DEBUG^|HikariPool-1 housekeeper^|com.zaxxer.hikari.pool.HikariPool^|logPoolState^|HikariPool-1 - After cleanup  stats (total=6, active=1, idle=5, waiting=0)
2020-12-01 11:30:34,465^|631^|DEBUG^|HikariPool-1 housekeeper^|com.zaxxer.hikari.pool.HikariPool^|logPoolState^|HikariPool-1 - Before cleanup stats (total=6, active=1, idle=5, waiting=0)
2020-12-01 11:30:34,465^|633^|DEBUG^|HikariPool-1 housekeeper^|com.zaxxer.hikari.pool.HikariPool^|logPoolState^|HikariPool-1 - After cleanup  stats (total=6, active=1, idle=5, waiting=0)
2020-12-01 11:31:04,466^|635^|DEBUG^|HikariPool-1 housekeeper^|com.zaxxer.hikari.pool.HikariPool^|logPoolState^|HikariPool-1 - Before cleanup stats (total=6, active=1, idle=5, waiting=0)
2020-12-01 11:31:04,466^|637^|DEBUG^|HikariPool-1 housekeeper^|com.zaxxer.hikari.pool.HikariPool^|logPoolState^|HikariPool-1 - After cleanup  stats (total=6, active=1, idle=5, waiting=0)
2020-12-01 11:31:34,468^|639^|DEBUG^|HikariPool-1 housekeeper^|com.zaxxer.hikari.pool.HikariPool^|logPoolState^|HikariPool-1 - Before cleanup stats (total=6, active=1, idle=5, waiting=0)
2020-12-01 11:31:34,468^|641^|DEBUG^|HikariPool-1 housekeeper^|com.zaxxer.hikari.pool.HikariPool^|logPoolState^|HikariPool-1 - After cleanup  stats (total=6, active=1, idle=5, waiting=0)
2020-12-01 11:32:04,469^|643^|DEBUG^|HikariPool-1 housekeeper^|com.zaxxer.hikari.pool.HikariPool^|logPoolState^|HikariPool-1 - Before cleanup stats (total=6, active=1, idle=5, waiting=0)
2020-12-01 11:32:04,469^|645^|DEBUG^|HikariPool-1 housekeeper^|com.zaxxer.hikari.pool.HikariPool^|logPoolState^|HikariPool-1 - After cleanup  stats (total=6, active=1, idle=5, waiting=0)
2020-12-01 11:32:34,471^|647^|DEBUG^|HikariPool-1 housekeeper^|com.zaxxer.hikari.pool.HikariPool^|logPoolState^|HikariPool-1 - Before cleanup stats (total=6, active=1, idle=5, waiting=0)
2020-12-01 11:32:34,471^|649^|DEBUG^|HikariPool-1 housekeeper^|com.zaxxer.hikari.pool.HikariPool^|logPoolState^|HikariPool-1 - After cleanup  stats (total=6, active=1, idle=5, waiting=0)
2020-12-01 11:33:04,472^|651^|DEBUG^|HikariPool-1 housekeeper^|com.zaxxer.hikari.pool.HikariPool^|logPoolState^|HikariPool-1 - Before cleanup stats (total=6, active=1, idle=5, waiting=0)
2020-12-01 11:33:04,472^|653^|DEBUG^|HikariPool-1 housekeeper^|com.zaxxer.hikari.pool.HikariPool^|logPoolState^|HikariPool-1 - After cleanup  stats (total=6, active=1, idle=5, waiting=0)
2020-12-01 11:33:19,650^|655^|DEBUG^|HikariPool-1 connection closer^|com.zaxxer.hikari.pool.PoolBase^|quietlyCloseConnection^|HikariPool-1 - Closing connection com.mysql.jdbc.JDBC4Connection@270c2522: (connection has passed maxLifetime)
2020-12-01 11:33:19,662^|657^|DEBUG^|HikariPool-1 connection adder^|com.zaxxer.hikari.pool.HikariPool^|call^|HikariPool-1 - Added connection com.mysql.jdbc.JDBC4Connection@5f6f546f
2020-12-01 11:33:34,474^|659^|DEBUG^|HikariPool-1 housekeeper^|com.zaxxer.hikari.pool.HikariPool^|logPoolState^|HikariPool-1 - Before cleanup stats (total=6, active=1, idle=5, waiting=0)
2020-12-01 11:33:34,474^|661^|DEBUG^|HikariPool-1 housekeeper^|com.zaxxer.hikari.pool.HikariPool^|logPoolState^|HikariPool-1 - After cleanup  stats (total=6, active=1, idle=5, waiting=0)
2020-12-01 11:33:49,294^|663^|DEBUG^|HikariPool-1 connection closer^|com.zaxxer.hikari.pool.PoolBase^|quietlyCloseConnection^|HikariPool-1 - Closing connection com.mysql.jdbc.JDBC4Connection@4b5cd9dd: (connection has passed maxLifetime)
2020-12-01 11:33:49,302^|665^|DEBUG^|HikariPool-1 connection adder^|com.zaxxer.hikari.pool.HikariPool^|call^|HikariPool-1 - Added connection com.mysql.jdbc.JDBC4Connection@5209fe1a
2020-12-01 11:33:59,682^|667^|DEBUG^|HikariPool-1 connection closer^|com.zaxxer.hikari.pool.PoolBase^|quietlyCloseConnection^|HikariPool-1 - Closing connection com.mysql.jdbc.JDBC4Connection@25c65d64: (connection has passed maxLifetime)
2020-12-01 11:33:59,697^|669^|DEBUG^|HikariPool-1 connection adder^|com.zaxxer.hikari.pool.HikariPool^|call^|HikariPool-1 - Added connection com.mysql.jdbc.JDBC4Connection@5e3be166
2020-12-01 11:34:04,475^|671^|DEBUG^|HikariPool-1 housekeeper^|com.zaxxer.hikari.pool.HikariPool^|logPoolState^|HikariPool-1 - Before cleanup stats (total=6, active=1, idle=5, waiting=0)
2020-12-01 11:34:04,475^|673^|DEBUG^|HikariPool-1 housekeeper^|com.zaxxer.hikari.pool.HikariPool^|logPoolState^|HikariPool-1 - After cleanup  stats (total=6, active=1, idle=5, waiting=0)
2020-12-01 11:34:20,666^|675^|DEBUG^|HikariPool-1 connection closer^|com.zaxxer.hikari.pool.PoolBase^|quietlyCloseConnection^|HikariPool-1 - Closing connection com.mysql.jdbc.JDBC4Connection@2e9dbf3d: (connection has passed maxLifetime)
2020-12-01 11:34:20,673^|677^|DEBUG^|HikariPool-1 connection adder^|com.zaxxer.hikari.pool.HikariPool^|call^|HikariPool-1 - Added connection com.mysql.jdbc.JDBC4Connection@55a6175f
2020-12-01 11:34:22,223^|679^|DEBUG^|HikariPool-1 connection closer^|com.zaxxer.hikari.pool.PoolBase^|quietlyCloseConnection^|HikariPool-1 - Closing connection com.mysql.jdbc.JDBC4Connection@2b732692: (connection has passed maxLifetime)
2020-12-01 11:34:22,235^|681^|DEBUG^|HikariPool-1 connection adder^|com.zaxxer.hikari.pool.HikariPool^|call^|HikariPool-1 - Added connection com.mysql.jdbc.JDBC4Connection@1b591682
2020-12-01 11:34:34,477^|683^|DEBUG^|HikariPool-1 housekeeper^|com.zaxxer.hikari.pool.HikariPool^|logPoolState^|HikariPool-1 - Before cleanup stats (total=6, active=1, idle=5, waiting=0)
2020-12-01 11:34:34,477^|685^|DEBUG^|HikariPool-1 housekeeper^|com.zaxxer.hikari.pool.HikariPool^|logPoolState^|HikariPool-1 - After cleanup  stats (total=6, active=1, idle=5, waiting=0)
2020-12-01 11:35:04,479^|687^|DEBUG^|HikariPool-1 housekeeper^|com.zaxxer.hikari.pool.HikariPool^|logPoolState^|HikariPool-1 - Before cleanup stats (total=6, active=1, idle=5, waiting=0)
2020-12-01 11:35:04,479^|689^|DEBUG^|HikariPool-1 housekeeper^|com.zaxxer.hikari.pool.HikariPool^|logPoolState^|HikariPool-1 - After cleanup  stats (total=6, active=1, idle=5, waiting=0)
2020-12-01 11:35:34,480^|691^|DEBUG^|HikariPool-1 housekeeper^|com.zaxxer.hikari.pool.HikariPool^|logPoolState^|HikariPool-1 - Before cleanup stats (total=6, active=1, idle=5, waiting=0)
2020-12-01 11:35:34,480^|693^|DEBUG^|HikariPool-1 housekeeper^|com.zaxxer.hikari.pool.HikariPool^|logPoolState^|HikariPool-1 - After cleanup  stats (total=6, active=1, idle=5, waiting=0)
2020-12-01 11:36:04,482^|695^|DEBUG^|HikariPool-1 housekeeper^|com.zaxxer.hikari.pool.HikariPool^|logPoolState^|HikariPool-1 - Before cleanup stats (total=6, active=1, idle=5, waiting=0)
2020-12-01 11:36:04,482^|697^|DEBUG^|HikariPool-1 housekeeper^|com.zaxxer.hikari.pool.HikariPool^|logPoolState^|HikariPool-1 - After cleanup  stats (total=6, active=1, idle=5, waiting=0)
2020-12-01 11:36:34,483^|699^|DEBUG^|HikariPool-1 housekeeper^|com.zaxxer.hikari.pool.HikariPool^|logPoolState^|HikariPool-1 - Before cleanup stats (total=6, active=1, idle=5, waiting=0)
2020-12-01 11:36:34,483^|701^|DEBUG^|HikariPool-1 housekeeper^|com.zaxxer.hikari.pool.HikariPool^|logPoolState^|HikariPool-1 - After cleanup  stats (total=6, active=1, idle=5, waiting=0)
2020-12-01 11:37:04,484^|703^|DEBUG^|HikariPool-1 housekeeper^|com.zaxxer.hikari.pool.HikariPool^|logPoolState^|HikariPool-1 - Before cleanup stats (total=6, active=1, idle=5, waiting=0)
2020-12-01 11:37:04,484^|705^|DEBUG^|HikariPool-1 housekeeper^|com.zaxxer.hikari.pool.HikariPool^|logPoolState^|HikariPool-1 - After cleanup  stats (total=6, active=1, idle=5, waiting=0)
2020-12-01 11:37:34,486^|707^|DEBUG^|HikariPool-1 housekeeper^|com.zaxxer.hikari.pool.HikariPool^|logPoolState^|HikariPool-1 - Before cleanup stats (total=6, active=1, idle=5, waiting=0)
2020-12-01 11:37:34,486^|709^|DEBUG^|HikariPool-1 housekeeper^|com.zaxxer.hikari.pool.HikariPool^|logPoolState^|HikariPool-1 - After cleanup  stats (total=6, active=1, idle=5, waiting=0)
2020-12-01 11:38:04,487^|711^|DEBUG^|HikariPool-1 housekeeper^|com.zaxxer.hikari.pool.HikariPool^|logPoolState^|HikariPool-1 - Before cleanup stats (total=6, active=1, idle=5, waiting=0)
2020-12-01 11:38:04,487^|713^|DEBUG^|HikariPool-1 housekeeper^|com.zaxxer.hikari.pool.HikariPool^|logPoolState^|HikariPool-1 - After cleanup  stats (total=6, active=1, idle=5, waiting=0)
2020-12-01 11:38:34,488^|715^|DEBUG^|HikariPool-1 housekeeper^|com.zaxxer.hikari.pool.HikariPool^|logPoolState^|HikariPool-1 - Before cleanup stats (total=6, active=1, idle=5, waiting=0)
2020-12-01 11:38:34,488^|717^|DEBUG^|HikariPool-1 housekeeper^|com.zaxxer.hikari.pool.HikariPool^|logPoolState^|HikariPool-1 - After cleanup  stats (total=6, active=1, idle=5, waiting=0)
2020-12-01 11:39:04,490^|719^|DEBUG^|HikariPool-1 housekeeper^|com.zaxxer.hikari.pool.HikariPool^|logPoolState^|HikariPool-1 - Before cleanup stats (total=6, active=1, idle=5, waiting=0)
2020-12-01 11:39:04,490^|721^|DEBUG^|HikariPool-1 housekeeper^|com.zaxxer.hikari.pool.HikariPool^|logPoolState^|HikariPool-1 - After cleanup  stats (total=6, active=1, idle=5, waiting=0)
2020-12-01 11:39:34,491^|723^|DEBUG^|HikariPool-1 housekeeper^|com.zaxxer.hikari.pool.HikariPool^|logPoolState^|HikariPool-1 - Before cleanup stats (total=6, active=1, idle=5, waiting=0)
2020-12-01 11:39:34,491^|725^|DEBUG^|HikariPool-1 housekeeper^|com.zaxxer.hikari.pool.HikariPool^|logPoolState^|HikariPool-1 - After cleanup  stats (total=6, active=1, idle=5, waiting=0)
2020-12-01 11:40:04,492^|727^|DEBUG^|HikariPool-1 housekeeper^|com.zaxxer.hikari.pool.HikariPool^|logPoolState^|HikariPool-1 - Before cleanup stats (total=6, active=1, idle=5, waiting=0)
2020-12-01 11:40:04,492^|729^|DEBUG^|HikariPool-1 housekeeper^|com.zaxxer.hikari.pool.HikariPool^|logPoolState^|HikariPool-1 - After cleanup  stats (total=6, active=1, idle=5, waiting=0)
2020-12-01 11:40:34,494^|731^|DEBUG^|HikariPool-1 housekeeper^|com.zaxxer.hikari.pool.HikariPool^|logPoolState^|HikariPool-1 - Before cleanup stats (total=6, active=1, idle=5, waiting=0)
2020-12-01 11:40:34,494^|733^|DEBUG^|HikariPool-1 housekeeper^|com.zaxxer.hikari.pool.HikariPool^|logPoolState^|HikariPool-1 - After cleanup  stats (total=6, active=1, idle=5, waiting=0)
2020-12-01 11:41:04,495^|735^|DEBUG^|HikariPool-1 housekeeper^|com.zaxxer.hikari.pool.HikariPool^|logPoolState^|HikariPool-1 - Before cleanup stats (total=6, active=1, idle=5, waiting=0)
2020-12-01 11:41:04,495^|737^|DEBUG^|HikariPool-1 housekeeper^|com.zaxxer.hikari.pool.HikariPool^|logPoolState^|HikariPool-1 - After cleanup  stats (total=6, active=1, idle=5, waiting=0)
2020-12-01 11:41:34,497^|739^|DEBUG^|HikariPool-1 housekeeper^|com.zaxxer.hikari.pool.HikariPool^|logPoolState^|HikariPool-1 - Before cleanup stats (total=6, active=1, idle=5, waiting=0)
2020-12-01 11:41:34,497^|741^|DEBUG^|HikariPool-1 housekeeper^|com.zaxxer.hikari.pool.HikariPool^|logPoolState^|HikariPool-1 - After cleanup  stats (total=6, active=1, idle=5, waiting=0)
2020-12-01 11:42:04,498^|743^|DEBUG^|HikariPool-1 housekeeper^|com.zaxxer.hikari.pool.HikariPool^|logPoolState^|HikariPool-1 - Before cleanup stats (total=6, active=1, idle=5, waiting=0)
2020-12-01 11:42:04,498^|745^|DEBUG^|HikariPool-1 housekeeper^|com.zaxxer.hikari.pool.HikariPool^|logPoolState^|HikariPool-1 - After cleanup  stats (total=6, active=1, idle=5, waiting=0)
2020-12-01 11:42:34,499^|747^|DEBUG^|HikariPool-1 housekeeper^|com.zaxxer.hikari.pool.HikariPool^|logPoolState^|HikariPool-1 - Before cleanup stats (total=6, active=1, idle=5, waiting=0)
2020-12-01 11:42:34,499^|749^|DEBUG^|HikariPool-1 housekeeper^|com.zaxxer.hikari.pool.HikariPool^|logPoolState^|HikariPool-1 - After cleanup  stats (total=6, active=1, idle=5, waiting=0)
2020-12-01 11:43:04,501^|751^|DEBUG^|HikariPool-1 housekeeper^|com.zaxxer.hikari.pool.HikariPool^|logPoolState^|HikariPool-1 - Before cleanup stats (total=6, active=1, idle=5, waiting=0)
2020-12-01 11:43:04,501^|753^|DEBUG^|HikariPool-1 housekeeper^|com.zaxxer.hikari.pool.HikariPool^|logPoolState^|HikariPool-1 - After cleanup  stats (total=6, active=1, idle=5, waiting=0)
2020-12-01 11:43:34,503^|755^|DEBUG^|HikariPool-1 housekeeper^|com.zaxxer.hikari.pool.HikariPool^|logPoolState^|HikariPool-1 - Before cleanup stats (total=6, active=1, idle=5, waiting=0)
2020-12-01 11:43:34,503^|757^|DEBUG^|HikariPool-1 housekeeper^|com.zaxxer.hikari.pool.HikariPool^|logPoolState^|HikariPool-1 - After cleanup  stats (total=6, active=1, idle=5, waiting=0)
2020-12-01 11:44:04,504^|759^|DEBUG^|HikariPool-1 housekeeper^|com.zaxxer.hikari.pool.HikariPool^|logPoolState^|HikariPool-1 - Before cleanup stats (total=6, active=1, idle=5, waiting=0)
2020-12-01 11:44:04,504^|761^|DEBUG^|HikariPool-1 housekeeper^|com.zaxxer.hikari.pool.HikariPool^|logPoolState^|HikariPool-1 - After cleanup  stats (total=6, active=1, idle=5, waiting=0)
2020-12-01 11:44:34,506^|763^|DEBUG^|HikariPool-1 housekeeper^|com.zaxxer.hikari.pool.HikariPool^|logPoolState^|HikariPool-1 - Before cleanup stats (total=6, active=1, idle=5, waiting=0)
2020-12-01 11:44:34,506^|765^|DEBUG^|HikariPool-1 housekeeper^|com.zaxxer.hikari.pool.HikariPool^|logPoolState^|HikariPool-1 - After cleanup  stats (total=6, active=1, idle=5, waiting=0)
2020-12-01 11:45:04,506^|767^|DEBUG^|HikariPool-1 housekeeper^|com.zaxxer.hikari.pool.HikariPool^|logPoolState^|HikariPool-1 - Before cleanup stats (total=6, active=1, idle=5, waiting=0)
2020-12-01 11:45:04,506^|769^|DEBUG^|HikariPool-1 housekeeper^|com.zaxxer.hikari.pool.HikariPool^|logPoolState^|HikariPool-1 - After cleanup  stats (total=6, active=1, idle=5, waiting=0)
2020-12-01 11:45:34,508^|771^|DEBUG^|HikariPool-1 housekeeper^|com.zaxxer.hikari.pool.HikariPool^|logPoolState^|HikariPool-1 - Before cleanup stats (total=6, active=1, idle=5, waiting=0)
2020-12-01 11:45:34,508^|773^|DEBUG^|HikariPool-1 housekeeper^|com.zaxxer.hikari.pool.HikariPool^|logPoolState^|HikariPool-1 - After cleanup  stats (total=6, active=1, idle=5, waiting=0)
2020-12-01 11:46:04,510^|775^|DEBUG^|HikariPool-1 housekeeper^|com.zaxxer.hikari.pool.HikariPool^|logPoolState^|HikariPool-1 - Before cleanup stats (total=6, active=1, idle=5, waiting=0)
2020-12-01 11:46:04,510^|777^|DEBUG^|HikariPool-1 housekeeper^|com.zaxxer.hikari.pool.HikariPool^|logPoolState^|HikariPool-1 - After cleanup  stats (total=6, active=1, idle=5, waiting=0)
2020-12-01 11:46:34,511^|779^|DEBUG^|HikariPool-1 housekeeper^|com.zaxxer.hikari.pool.HikariPool^|logPoolState^|HikariPool-1 - Before cleanup stats (total=6, active=1, idle=5, waiting=0)
2020-12-01 11:46:34,511^|781^|DEBUG^|HikariPool-1 housekeeper^|com.zaxxer.hikari.pool.HikariPool^|logPoolState^|HikariPool-1 - After cleanup  stats (total=6, active=1, idle=5, waiting=0)
2020-12-01 11:47:04,512^|783^|DEBUG^|HikariPool-1 housekeeper^|com.zaxxer.hikari.pool.HikariPool^|logPoolState^|HikariPool-1 - Before cleanup stats (total=6, active=1, idle=5, waiting=0)
2020-12-01 11:47:04,512^|785^|DEBUG^|HikariPool-1 housekeeper^|com.zaxxer.hikari.pool.HikariPool^|logPoolState^|HikariPool-1 - After cleanup  stats (total=6, active=1, idle=5, waiting=0)
2020-12-01 11:47:34,514^|787^|DEBUG^|HikariPool-1 housekeeper^|com.zaxxer.hikari.pool.HikariPool^|logPoolState^|HikariPool-1 - Before cleanup stats (total=6, active=1, idle=5, waiting=0)
2020-12-01 11:47:34,514^|789^|DEBUG^|HikariPool-1 housekeeper^|com.zaxxer.hikari.pool.HikariPool^|logPoolState^|HikariPool-1 - After cleanup  stats (total=6, active=1, idle=5, waiting=0)
[...]
2020-12-01 14:07:04,923^|2003^|DEBUG^|HikariPool-1 housekeeper^|com.zaxxer.hikari.pool.HikariPool^|logPoolState^|HikariPool-1 - Before cleanup stats (total=6, active=1, idle=5, waiting=0)
2020-12-01 14:07:04,923^|2005^|DEBUG^|HikariPool-1 housekeeper^|com.zaxxer.hikari.pool.HikariPool^|logPoolState^|HikariPool-1 - After cleanup  stats (total=6, active=1, idle=5, waiting=0)
2020-12-01 14:07:34,925^|2007^|DEBUG^|HikariPool-1 housekeeper^|com.zaxxer.hikari.pool.HikariPool^|logPoolState^|HikariPool-1 - Before cleanup stats (total=6, active=1, idle=5, waiting=0)
2020-12-01 14:07:34,925^|2009^|DEBUG^|HikariPool-1 housekeeper^|com.zaxxer.hikari.pool.HikariPool^|logPoolState^|HikariPool-1 - After cleanup  stats (total=6, active=1, idle=5, waiting=0)
2020-12-01 14:08:04,927^|2011^|DEBUG^|HikariPool-1 housekeeper^|com.zaxxer.hikari.pool.HikariPool^|logPoolState^|HikariPool-1 - Before cleanup stats (total=6, active=1, idle=5, waiting=0)
2020-12-01 14:08:04,927^|2013^|DEBUG^|HikariPool-1 housekeeper^|com.zaxxer.hikari.pool.HikariPool^|logPoolState^|HikariPool-1 - After cleanup  stats (total=6, active=1, idle=5, waiting=0)
2020-12-01 14:08:34,928^|2015^|DEBUG^|HikariPool-1 housekeeper^|com.zaxxer.hikari.pool.HikariPool^|logPoolState^|HikariPool-1 - Before cleanup stats (total=6, active=1, idle=5, waiting=0)
2020-12-01 14:08:34,930^|2017^|DEBUG^|HikariPool-1 housekeeper^|com.zaxxer.hikari.pool.HikariPool^|logPoolState^|HikariPool-1 - After cleanup  stats (total=6, active=1, idle=5, waiting=0)
2020-12-01 14:09:04,932^|2019^|DEBUG^|HikariPool-1 housekeeper^|com.zaxxer.hikari.pool.HikariPool^|logPoolState^|HikariPool-1 - Before cleanup stats (total=6, active=1, idle=5, waiting=0)
2020-12-01 14:09:04,932^|2021^|DEBUG^|HikariPool-1 housekeeper^|com.zaxxer.hikari.pool.HikariPool^|logPoolState^|HikariPool-1 - After cleanup  stats (total=6, active=1, idle=5, waiting=0)
2020-12-01 14:09:34,934^|2023^|DEBUG^|HikariPool-1 housekeeper^|com.zaxxer.hikari.pool.HikariPool^|logPoolState^|HikariPool-1 - Before cleanup stats (total=6, active=1, idle=5, waiting=0)
2020-12-01 14:09:34,934^|2025^|DEBUG^|HikariPool-1 housekeeper^|com.zaxxer.hikari.pool.HikariPool^|logPoolState^|HikariPool-1 - After cleanup  stats (total=6, active=1, idle=5, waiting=0)
2020-12-01 14:10:04,935^|2027^|DEBUG^|HikariPool-1 housekeeper^|com.zaxxer.hikari.pool.HikariPool^|logPoolState^|HikariPool-1 - Before cleanup stats (total=6, active=1, idle=5, waiting=0)
2020-12-01 14:10:04,935^|2029^|DEBUG^|HikariPool-1 housekeeper^|com.zaxxer.hikari.pool.HikariPool^|logPoolState^|HikariPool-1 - After cleanup  stats (total=6, active=1, idle=5, waiting=0)
2020-12-01 14:10:34,937^|2031^|DEBUG^|HikariPool-1 housekeeper^|com.zaxxer.hikari.pool.HikariPool^|logPoolState^|HikariPool-1 - Before cleanup stats (total=6, active=1, idle=5, waiting=0)
2020-12-01 14:10:34,937^|2033^|DEBUG^|HikariPool-1 housekeeper^|com.zaxxer.hikari.pool.HikariPool^|logPoolState^|HikariPool-1 - After cleanup  stats (total=6, active=1, idle=5, waiting=0)
2020-12-01 14:11:04,938^|2035^|DEBUG^|HikariPool-1 housekeeper^|com.zaxxer.hikari.pool.HikariPool^|logPoolState^|HikariPool-1 - Before cleanup stats (total=6, active=1, idle=5, waiting=0)
2020-12-01 14:11:04,938^|2037^|DEBUG^|HikariPool-1 housekeeper^|com.zaxxer.hikari.pool.HikariPool^|logPoolState^|HikariPool-1 - After cleanup  stats (total=6, active=1, idle=5, waiting=0)
2020-12-01 14:11:34,939^|2039^|DEBUG^|HikariPool-1 housekeeper^|com.zaxxer.hikari.pool.HikariPool^|logPoolState^|HikariPool-1 - Before cleanup stats (total=6, active=1, idle=5, waiting=0)
2020-12-01 14:11:34,939^|2041^|DEBUG^|HikariPool-1 housekeeper^|com.zaxxer.hikari.pool.HikariPool^|logPoolState^|HikariPool-1 - After cleanup  stats (total=6, active=1, idle=5, waiting=0)
2020-12-01 14:12:04,941^|2043^|DEBUG^|HikariPool-1 housekeeper^|com.zaxxer.hikari.pool.HikariPool^|logPoolState^|HikariPool-1 - Before cleanup stats (total=6, active=1, idle=5, waiting=0)
2020-12-01 14:12:04,941^|2045^|DEBUG^|HikariPool-1 housekeeper^|com.zaxxer.hikari.pool.HikariPool^|logPoolState^|HikariPool-1 - After cleanup  stats (total=6, active=1, idle=5, waiting=0)
2020-12-01 14:12:34,942^|2047^|DEBUG^|HikariPool-1 housekeeper^|com.zaxxer.hikari.pool.HikariPool^|logPoolState^|HikariPool-1 - Before cleanup stats (total=6, active=1, idle=5, waiting=0)
2020-12-01 14:12:34,942^|2049^|DEBUG^|HikariPool-1 housekeeper^|com.zaxxer.hikari.pool.HikariPool^|logPoolState^|HikariPool-1 - After cleanup  stats (total=6, active=1, idle=5, waiting=0)
2020-12-01 14:13:04,944^|2051^|DEBUG^|HikariPool-1 housekeeper^|com.zaxxer.hikari.pool.HikariPool^|logPoolState^|HikariPool-1 - Before cleanup stats (total=6, active=1, idle=5, waiting=0)
2020-12-01 14:13:04,944^|2053^|DEBUG^|HikariPool-1 housekeeper^|com.zaxxer.hikari.pool.HikariPool^|logPoolState^|HikariPool-1 - After cleanup  stats (total=6, active=1, idle=5, waiting=0)
2020-12-01 14:13:34,945^|2055^|DEBUG^|HikariPool-1 housekeeper^|com.zaxxer.hikari.pool.HikariPool^|logPoolState^|HikariPool-1 - Before cleanup stats (total=6, active=1, idle=5, waiting=0)
2020-12-01 14:13:34,945^|2057^|DEBUG^|HikariPool-1 housekeeper^|com.zaxxer.hikari.pool.HikariPool^|logPoolState^|HikariPool-1 - After cleanup  stats (total=6, active=1, idle=5, waiting=0)
2020-12-01 14:14:04,946^|2059^|DEBUG^|HikariPool-1 housekeeper^|com.zaxxer.hikari.pool.HikariPool^|logPoolState^|HikariPool-1 - Before cleanup stats (total=6, active=1, idle=5, waiting=0)
2020-12-01 14:14:04,946^|2061^|DEBUG^|HikariPool-1 housekeeper^|com.zaxxer.hikari.pool.HikariPool^|logPoolState^|HikariPool-1 - After cleanup  stats (total=6, active=1, idle=5, waiting=0)
2020-12-01 14:14:34,948^|2063^|DEBUG^|HikariPool-1 housekeeper^|com.zaxxer.hikari.pool.HikariPool^|logPoolState^|HikariPool-1 - Before cleanup stats (total=6, active=1, idle=5, waiting=0)
2020-12-01 14:14:34,948^|2065^|DEBUG^|HikariPool-1 housekeeper^|com.zaxxer.hikari.pool.HikariPool^|logPoolState^|HikariPool-1 - After cleanup  stats (total=6, active=1, idle=5, waiting=0)
2020-12-01 14:15:04,950^|2067^|DEBUG^|HikariPool-1 housekeeper^|com.zaxxer.hikari.pool.HikariPool^|logPoolState^|HikariPool-1 - Before cleanup stats (total=6, active=1, idle=5, waiting=0)
2020-12-01 14:15:04,950^|2069^|DEBUG^|HikariPool-1 housekeeper^|com.zaxxer.hikari.pool.HikariPool^|logPoolState^|HikariPool-1 - After cleanup  stats (total=6, active=1, idle=5, waiting=0)
2020-12-01 14:15:34,952^|2071^|DEBUG^|HikariPool-1 housekeeper^|com.zaxxer.hikari.pool.HikariPool^|logPoolState^|HikariPool-1 - Before cleanup stats (total=6, active=1, idle=5, waiting=0)
2020-12-01 14:15:34,952^|2073^|DEBUG^|HikariPool-1 housekeeper^|com.zaxxer.hikari.pool.HikariPool^|logPoolState^|HikariPool-1 - After cleanup  stats (total=6, active=1, idle=5, waiting=0)
2020-12-01 14:16:04,960^|2075^|DEBUG^|HikariPool-1 housekeeper^|com.zaxxer.hikari.pool.HikariPool^|logPoolState^|HikariPool-1 - Before cleanup stats (total=6, active=1, idle=5, waiting=0)
2020-12-01 14:16:04,961^|2077^|DEBUG^|HikariPool-1 housekeeper^|com.zaxxer.hikari.pool.HikariPool^|logPoolState^|HikariPool-1 - After cleanup  stats (total=6, active=1, idle=5, waiting=0)
2020-12-01 14:16:34,962^|2079^|DEBUG^|HikariPool-1 housekeeper^|com.zaxxer.hikari.pool.HikariPool^|logPoolState^|HikariPool-1 - Before cleanup stats (total=6, active=1, idle=5, waiting=0)
2020-12-01 14:16:34,962^|2081^|DEBUG^|HikariPool-1 housekeeper^|com.zaxxer.hikari.pool.HikariPool^|logPoolState^|HikariPool-1 - After cleanup  stats (total=6, active=1, idle=5, waiting=0)
2020-12-01 14:17:04,963^|2083^|DEBUG^|HikariPool-1 housekeeper^|com.zaxxer.hikari.pool.HikariPool^|logPoolState^|HikariPool-1 - Before cleanup stats (total=6, active=1, idle=5, waiting=0)
2020-12-01 14:17:04,964^|2085^|DEBUG^|HikariPool-1 housekeeper^|com.zaxxer.hikari.pool.HikariPool^|logPoolState^|HikariPool-1 - After cleanup  stats (total=6, active=1, idle=5, waiting=0)
2020-12-01 14:17:34,966^|2087^|DEBUG^|HikariPool-1 housekeeper^|com.zaxxer.hikari.pool.HikariPool^|logPoolState^|HikariPool-1 - Before cleanup stats (total=6, active=1, idle=5, waiting=0)
2020-12-01 14:17:34,966^|2089^|DEBUG^|HikariPool-1 housekeeper^|com.zaxxer.hikari.pool.HikariPool^|logPoolState^|HikariPool-1 - After cleanup  stats (total=6, active=1, idle=5, waiting=0)
2020-12-01 14:18:04,967^|2091^|DEBUG^|HikariPool-1 housekeeper^|com.zaxxer.hikari.pool.HikariPool^|logPoolState^|HikariPool-1 - Before cleanup stats (total=6, active=1, idle=5, waiting=0)
2020-12-01 14:18:04,967^|2093^|DEBUG^|HikariPool-1 housekeeper^|com.zaxxer.hikari.pool.HikariPool^|logPoolState^|HikariPool-1 - After cleanup  stats (total=6, active=1, idle=5, waiting=0)
2020-12-01 14:18:34,969^|2095^|DEBUG^|HikariPool-1 housekeeper^|com.zaxxer.hikari.pool.HikariPool^|logPoolState^|HikariPool-1 - Before cleanup stats (total=6, active=1, idle=5, waiting=0)
2020-12-01 14:18:34,969^|2097^|DEBUG^|HikariPool-1 housekeeper^|com.zaxxer.hikari.pool.HikariPool^|logPoolState^|HikariPool-1 - After cleanup  stats (total=6, active=1, idle=5, waiting=0)
2020-12-01 14:19:04,970^|2099^|DEBUG^|HikariPool-1 housekeeper^|com.zaxxer.hikari.pool.HikariPool^|logPoolState^|HikariPool-1 - Before cleanup stats (total=6, active=1, idle=5, waiting=0)
2020-12-01 14:19:04,970^|2101^|DEBUG^|HikariPool-1 housekeeper^|com.zaxxer.hikari.pool.HikariPool^|logPoolState^|HikariPool-1 - After cleanup  stats (total=6, active=1, idle=5, waiting=0)
2020-12-01 14:19:34,972^|2103^|DEBUG^|HikariPool-1 housekeeper^|com.zaxxer.hikari.pool.HikariPool^|logPoolState^|HikariPool-1 - Before cleanup stats (total=6, active=1, idle=5, waiting=0)
2020-12-01 14:19:34,972^|2105^|DEBUG^|HikariPool-1 housekeeper^|com.zaxxer.hikari.pool.HikariPool^|logPoolState^|HikariPool-1 - After cleanup  stats (total=6, active=1, idle=5, waiting=0)
2020-12-01 14:20:04,974^|2107^|DEBUG^|HikariPool-1 housekeeper^|com.zaxxer.hikari.pool.HikariPool^|logPoolState^|HikariPool-1 - Before cleanup stats (total=6, active=1, idle=5, waiting=0)
2020-12-01 14:20:04,974^|2109^|DEBUG^|HikariPool-1 housekeeper^|com.zaxxer.hikari.pool.HikariPool^|logPoolState^|HikariPool-1 - After cleanup  stats (total=6, active=1, idle=5, waiting=0)
2020-12-01 14:20:34,976^|2111^|DEBUG^|HikariPool-1 housekeeper^|com.zaxxer.hikari.pool.HikariPool^|logPoolState^|HikariPool-1 - Before cleanup stats (total=6, active=1, idle=5, waiting=0)
2020-12-01 14:20:34,976^|2113^|DEBUG^|HikariPool-1 housekeeper^|com.zaxxer.hikari.pool.HikariPool^|logPoolState^|HikariPool-1 - After cleanup  stats (total=6, active=1, idle=5, waiting=0)
2020-12-01 14:21:04,979^|2115^|DEBUG^|HikariPool-1 housekeeper^|com.zaxxer.hikari.pool.HikariPool^|logPoolState^|HikariPool-1 - Before cleanup stats (total=6, active=1, idle=5, waiting=0)
2020-12-01 14:21:04,979^|2117^|DEBUG^|HikariPool-1 housekeeper^|com.zaxxer.hikari.pool.HikariPool^|logPoolState^|HikariPool-1 - After cleanup  stats (total=6, active=1, idle=5, waiting=0)
2020-12-01 14:21:34,980^|2119^|DEBUG^|HikariPool-1 housekeeper^|com.zaxxer.hikari.pool.HikariPool^|logPoolState^|HikariPool-1 - Before cleanup stats (total=6, active=1, idle=5, waiting=0)
2020-12-01 14:21:34,980^|2121^|DEBUG^|HikariPool-1 housekeeper^|com.zaxxer.hikari.pool.HikariPool^|logPoolState^|HikariPool-1 - After cleanup  stats (total=6, active=1, idle=5, waiting=0)
2020-12-01 14:22:04,982^|2123^|DEBUG^|HikariPool-1 housekeeper^|com.zaxxer.hikari.pool.HikariPool^|logPoolState^|HikariPool-1 - Before cleanup stats (total=6, active=1, idle=5, waiting=0)
2020-12-01 14:22:04,982^|2125^|DEBUG^|HikariPool-1 housekeeper^|com.zaxxer.hikari.pool.HikariPool^|logPoolState^|HikariPool-1 - After cleanup  stats (total=6, active=1, idle=5, waiting=0)
2020-12-01 14:22:34,984^|2127^|DEBUG^|HikariPool-1 housekeeper^|com.zaxxer.hikari.pool.HikariPool^|logPoolState^|HikariPool-1 - Before cleanup stats (total=6, active=1, idle=5, waiting=0)
2020-12-01 14:22:34,984^|2129^|DEBUG^|HikariPool-1 housekeeper^|com.zaxxer.hikari.pool.HikariPool^|logPoolState^|HikariPool-1 - After cleanup  stats (total=6, active=1, idle=5, waiting=0)
2020-12-01 14:23:04,985^|2131^|DEBUG^|HikariPool-1 housekeeper^|com.zaxxer.hikari.pool.HikariPool^|logPoolState^|HikariPool-1 - Before cleanup stats (total=6, active=1, idle=5, waiting=0)
2020-12-01 14:23:04,985^|2133^|DEBUG^|HikariPool-1 housekeeper^|com.zaxxer.hikari.pool.HikariPool^|logPoolState^|HikariPool-1 - After cleanup  stats (total=6, active=1, idle=5, waiting=0)
2020-12-01 14:23:34,987^|2135^|DEBUG^|HikariPool-1 housekeeper^|com.zaxxer.hikari.pool.HikariPool^|logPoolState^|HikariPool-1 - Before cleanup stats (total=6, active=1, idle=5, waiting=0)
2020-12-01 14:23:34,987^|2137^|DEBUG^|HikariPool-1 housekeeper^|com.zaxxer.hikari.pool.HikariPool^|logPoolState^|HikariPool-1 - After cleanup  stats (total=6, active=1, idle=5, waiting=0)
2020-12-01 14:24:04,988^|2139^|DEBUG^|HikariPool-1 housekeeper^|com.zaxxer.hikari.pool.HikariPool^|logPoolState^|HikariPool-1 - Before cleanup stats (total=6, active=1, idle=5, waiting=0)
2020-12-01 14:24:04,988^|2141^|DEBUG^|HikariPool-1 housekeeper^|com.zaxxer.hikari.pool.HikariPool^|logPoolState^|HikariPool-1 - After cleanup  stats (total=6, active=1, idle=5, waiting=0)
2020-12-01 14:24:34,990^|2143^|DEBUG^|HikariPool-1 housekeeper^|com.zaxxer.hikari.pool.HikariPool^|logPoolState^|HikariPool-1 - Before cleanup stats (total=6, active=1, idle=5, waiting=0)
2020-12-01 14:24:34,990^|2145^|DEBUG^|HikariPool-1 housekeeper^|com.zaxxer.hikari.pool.HikariPool^|logPoolState^|HikariPool-1 - After cleanup  stats (total=6, active=1, idle=5, waiting=0)
2020-12-01 14:25:04,991^|2147^|DEBUG^|HikariPool-1 housekeeper^|com.zaxxer.hikari.pool.HikariPool^|logPoolState^|HikariPool-1 - Before cleanup stats (total=6, active=1, idle=5, waiting=0)
2020-12-01 14:25:04,991^|2149^|DEBUG^|HikariPool-1 housekeeper^|com.zaxxer.hikari.pool.HikariPool^|logPoolState^|HikariPool-1 - After cleanup  stats (total=6, active=1, idle=5, waiting=0)
2020-12-01 14:25:34,992^|2151^|DEBUG^|HikariPool-1 housekeeper^|com.zaxxer.hikari.pool.HikariPool^|logPoolState^|HikariPool-1 - Before cleanup stats (total=6, active=1, idle=5, waiting=0)
2020-12-01 14:25:34,992^|2153^|DEBUG^|HikariPool-1 housekeeper^|com.zaxxer.hikari.pool.HikariPool^|logPoolState^|HikariPool-1 - After cleanup  stats (total=6, active=1, idle=5, waiting=0)
2020-12-01 14:26:04,993^|2155^|DEBUG^|HikariPool-1 housekeeper^|com.zaxxer.hikari.pool.HikariPool^|logPoolState^|HikariPool-1 - Before cleanup stats (total=6, active=1, idle=5, waiting=0)
2020-12-01 14:26:04,993^|2157^|DEBUG^|HikariPool-1 housekeeper^|com.zaxxer.hikari.pool.HikariPool^|logPoolState^|HikariPool-1 - After cleanup  stats (total=6, active=1, idle=5, waiting=0)
2020-12-01 14:26:34,995^|2159^|DEBUG^|HikariPool-1 housekeeper^|com.zaxxer.hikari.pool.HikariPool^|logPoolState^|HikariPool-1 - Before cleanup stats (total=6, active=1, idle=5, waiting=0)
2020-12-01 14:26:34,995^|2161^|DEBUG^|HikariPool-1 housekeeper^|com.zaxxer.hikari.pool.HikariPool^|logPoolState^|HikariPool-1 - After cleanup  stats (total=6, active=1, idle=5, waiting=0)
2020-12-01 14:27:04,996^|2163^|DEBUG^|HikariPool-1 housekeeper^|com.zaxxer.hikari.pool.HikariPool^|logPoolState^|HikariPool-1 - Before cleanup stats (total=6, active=1, idle=5, waiting=0)
2020-12-01 14:27:04,996^|2165^|DEBUG^|HikariPool-1 housekeeper^|com.zaxxer.hikari.pool.HikariPool^|logPoolState^|HikariPool-1 - After cleanup  stats (total=6, active=1, idle=5, waiting=0)
2020-12-01 14:27:34,997^|2167^|DEBUG^|HikariPool-1 housekeeper^|com.zaxxer.hikari.pool.HikariPool^|logPoolState^|HikariPool-1 - Before cleanup stats (total=6, active=1, idle=5, waiting=0)
2020-12-01 14:27:34,997^|2169^|DEBUG^|HikariPool-1 housekeeper^|com.zaxxer.hikari.pool.HikariPool^|logPoolState^|HikariPool-1 - After cleanup  stats (total=6, active=1, idle=5, waiting=0)
2020-12-01 14:28:04,999^|2171^|DEBUG^|HikariPool-1 housekeeper^|com.zaxxer.hikari.pool.HikariPool^|logPoolState^|HikariPool-1 - Before cleanup stats (total=6, active=1, idle=5, waiting=0)
2020-12-01 14:28:05,000^|2173^|DEBUG^|HikariPool-1 housekeeper^|com.zaxxer.hikari.pool.HikariPool^|logPoolState^|HikariPool-1 - After cleanup  stats (total=6, active=1, idle=5, waiting=0)
2020-12-01 14:28:35,001^|2175^|DEBUG^|HikariPool-1 housekeeper^|com.zaxxer.hikari.pool.HikariPool^|logPoolState^|HikariPool-1 - Before cleanup stats (total=6, active=1, idle=5, waiting=0)
2020-12-01 14:28:35,001^|2177^|DEBUG^|HikariPool-1 housekeeper^|com.zaxxer.hikari.pool.HikariPool^|logPoolState^|HikariPool-1 - After cleanup  stats (total=6, active=1, idle=5, waiting=0)
2020-12-01 14:29:05,002^|2179^|DEBUG^|HikariPool-1 housekeeper^|com.zaxxer.hikari.pool.HikariPool^|logPoolState^|HikariPool-1 - Before cleanup stats (total=6, active=1, idle=5, waiting=0)
2020-12-01 14:29:05,002^|2181^|DEBUG^|HikariPool-1 housekeeper^|com.zaxxer.hikari.pool.HikariPool^|logPoolState^|HikariPool-1 - After cleanup  stats (total=6, active=1, idle=5, waiting=0)
2020-12-01 14:29:35,003^|2183^|DEBUG^|HikariPool-1 housekeeper^|com.zaxxer.hikari.pool.HikariPool^|logPoolState^|HikariPool-1 - Before cleanup stats (total=6, active=1, idle=5, waiting=0)
2020-12-01 14:29:35,003^|2185^|DEBUG^|HikariPool-1 housekeeper^|com.zaxxer.hikari.pool.HikariPool^|logPoolState^|HikariPool-1 - After cleanup  stats (total=6, active=1, idle=5, waiting=0)
2020-12-01 14:30:05,005^|2187^|DEBUG^|HikariPool-1 housekeeper^|com.zaxxer.hikari.pool.HikariPool^|logPoolState^|HikariPool-1 - Before cleanup stats (total=6, active=1, idle=5, waiting=0)
2020-12-01 14:30:05,005^|2189^|DEBUG^|HikariPool-1 housekeeper^|com.zaxxer.hikari.pool.HikariPool^|logPoolState^|HikariPool-1 - After cleanup  stats (total=6, active=1, idle=5, waiting=0)
2020-12-01 14:30:20,397^|2191^|DEBUG^|HikariPool-1 connection closer^|com.zaxxer.hikari.pool.PoolBase^|quietlyCloseConnection^|HikariPool-1 - Closing connection com.mysql.jdbc.JDBC4Connection@29bde2a1: (connection has passed maxLifetime)
2020-12-01 14:30:20,406^|2193^|DEBUG^|HikariPool-1 connection adder^|com.zaxxer.hikari.pool.HikariPool^|call^|HikariPool-1 - Added connection com.mysql.jdbc.JDBC4Connection@633abab7
2020-12-01 14:30:35,034^|2195^|DEBUG^|HikariPool-1 housekeeper^|com.zaxxer.hikari.pool.HikariPool^|logPoolState^|HikariPool-1 - Before cleanup stats (total=6, active=1, idle=5, waiting=0)
2020-12-01 14:30:35,034^|2197^|DEBUG^|HikariPool-1 housekeeper^|com.zaxxer.hikari.pool.HikariPool^|logPoolState^|HikariPool-1 - After cleanup  stats (total=6, active=1, idle=5, waiting=0)
2020-12-01 14:31:05,036^|2199^|DEBUG^|HikariPool-1 housekeeper^|com.zaxxer.hikari.pool.HikariPool^|logPoolState^|HikariPool-1 - Before cleanup stats (total=6, active=1, idle=5, waiting=0)
2020-12-01 14:31:05,036^|2201^|DEBUG^|HikariPool-1 housekeeper^|com.zaxxer.hikari.pool.HikariPool^|logPoolState^|HikariPool-1 - After cleanup  stats (total=6, active=1, idle=5, waiting=0)
2020-12-01 14:31:35,037^|2203^|DEBUG^|HikariPool-1 housekeeper^|com.zaxxer.hikari.pool.HikariPool^|logPoolState^|HikariPool-1 - Before cleanup stats (total=6, active=1, idle=5, waiting=0)
2020-12-01 14:31:35,037^|2205^|DEBUG^|HikariPool-1 housekeeper^|com.zaxxer.hikari.pool.HikariPool^|logPoolState^|HikariPool-1 - After cleanup  stats (total=6, active=1, idle=5, waiting=0)
2020-12-01 14:31:42,590^|2207^|DEBUG^|main^|com.heima.model.mappers.app.ApShowBehaviorMapper.selectListByEntryIdAndArticleIds^|debug^|<==      Total: 0
[Ljava.lang.Integer;@cef885d
2020-12-01 14:31:42,649^|2209^|DEBUG^|main^|com.heima.model.mappers.app.ApShowBehaviorMapper.saveShowBehavior^|debug^|==>  Preparing: insert into ap_show_behavior (id,entry_id, article_id,is_click, show_time, created_time) values (?,?, ?,0, now(),now()) 
2020-12-01 14:31:42,669^|2211^|DEBUG^|main^|com.heima.model.mappers.app.ApShowBehaviorMapper.saveShowBehavior^|debug^|==> Parameters: 1333660024173494272(Long), 1(Integer), 10160(Integer)
]]></system-out>
  </testcase>
</testsuite>