<?xml version="1.0" encoding="UTF-8"?>
<testsuite xmlns:xsi="http://www.w3.org/2001/XMLSchema-instance" xsi:noNamespaceSchemaLocation="https://maven.apache.org/surefire/maven-surefire-plugin/xsd/surefire-test-report.xsd" name="SpringbootMongodbApplicationTests" time="17.497" tests="6" errors="1" skipped="0" failures="0">
  <properties>
[...]
</properties>
  <testcase name="updateStu" classname="SpringbootMongodbApplicationTests" time="0.326"/>
  <testcase name="findStuById" classname="SpringbootMongodbApplicationTests" time="0.064"/>
  <testcase name="findAll" classname="SpringbootMongodbApplicationTests" time="0.085">
    <error message="Command failed with error 16436: &apos;exception: Unrecognized pipeline stage name: &apos;$lookup&apos;&apos; on server 172.168.9.114:27017. The full response is { &quot;errmsg&quot; : &quot;exception: Unrecognized pipeline stage name: &apos;$lookup&apos;&quot;, &quot;code&quot; : 16436, &quot;ok&quot; : 0.0 }; nested exception is com.mongodb.MongoCommandException: Command failed with error 16436: &apos;exception: Unrecognized pipeline stage name: &apos;$lookup&apos;&apos; on server 172.168.9.114:27017. The full response is { &quot;errmsg&quot; : &quot;exception: Unrecognized pipeline stage name: &apos;$lookup&apos;&quot;, &quot;code&quot; : 16436, &quot;ok&quot; : 0.0 }" type="org.springframework.data.mongodb.UncategorizedMongoDbException">org.springframework.data.mongodb.UncategorizedMongoDbException: Command failed with error 16436: 'exception: Unrecognized pipeline stage name: '$lookup'' on server 172.168.9.114:27017. The full response is { "errmsg" : "exception: Unrecognized pipeline stage name: '$lookup'", "code" : 16436, "ok" : 0.0 }; nested exception is com.mongodb.MongoCommandException: Command failed with error 16436: 'exception: Unrecognized pipeline stage name: '$lookup'' on server 172.168.9.114:27017. The full response is { "errmsg" : "exception: Unrecognized pipeline stage name: '$lookup'", "code" : 16436, "ok" : 0.0 }
	at SpringbootMongodbApplicationTests.findAll(SpringbootMongodbApplicationTests.java:29)
Caused by: com.mongodb.MongoCommandException: Command failed with error 16436: 'exception: Unrecognized pipeline stage name: '$lookup'' on server 172.168.9.114:27017. The full response is { "errmsg" : "exception: Unrecognized pipeline stage name: '$lookup'", "code" : 16436, "ok" : 0.0 }
	at SpringbootMongodbApplicationTests.findAll(SpringbootMongodbApplicationTests.java:29)
</error>
    <system-out><![CDATA[2020-12-04 15:06:09,979^|179^|DEBUG^|main^|org.mongodb.driver.protocol.command^|debug^|Sending command '{ "aggregate" : "student", "pipeline" : [{ "$lookup" : { "from" : "grade", "localField" : "gradeId", "foreignField" : "_id", "as" : "grade" } }, { "$project" : { "_id" : 1, "name" : 1, "sex" : 1, "age" : 1, "gradeId" : 1, "gradeName" : "$grade.gradeName" } }, { "$sort" : { "_id" : 1 } }, { "$skip" : 2 }, { "$limit" : 2 }], "cursor" : { }, "allowDiskUse" : false }' with request id 10 to database le5le on connection [connectionId{localValue:2, serverValue:637}] to server 172.168.9.114:27017
2020-12-04 15:06:09,984^|181^|DEBUG^|main^|org.mongodb.driver.protocol.command^|debug^|Execution of command with request id 10 failed to complete successfully in 6.77 ms on connection [connectionId{localValue:2, serverValue:637}] to server 172.168.9.114:27017
com.mongodb.MongoCommandException: Command failed with error 16436: 'exception: Unrecognized pipeline stage name: '$lookup'' on server 172.168.9.114:27017. The full response is { "errmsg" : "exception: Unrecognized pipeline stage name: '$lookup'", "code" : 16436, "ok" : 0.0 }
	at com.mongodb.internal.connection.ProtocolHelper.getCommandFailureException(ProtocolHelper.java:179) ~[mongodb-driver-core-3.8.2.jar:?]
	at com.mongodb.internal.connection.InternalStreamConnection.receiveCommandMessageResponse(InternalStreamConnection.java:293) ~[mongodb-driver-core-3.8.2.jar:?]
	at com.mongodb.internal.connection.InternalStreamConnection.sendAndReceive(InternalStreamConnection.java:255) ~[mongodb-driver-core-3.8.2.jar:?]
	at com.mongodb.internal.connection.UsageTrackingInternalConnection.sendAndReceive(UsageTrackingInternalConnection.java:99) ~[mongodb-driver-core-3.8.2.jar:?]
	at com.mongodb.internal.connection.DefaultConnectionPool$PooledConnection.sendAndReceive(DefaultConnectionPool.java:444) ~[mongodb-driver-core-3.8.2.jar:?]
	at com.mongodb.internal.connection.CommandProtocolImpl.execute(CommandProtocolImpl.java:72) ~[mongodb-driver-core-3.8.2.jar:?]
	at com.mongodb.internal.connection.DefaultServer$DefaultServerProtocolExecutor.execute(DefaultServer.java:200) ~[mongodb-driver-core-3.8.2.jar:?]
	at com.mongodb.internal.connection.DefaultServerConnection.executeProtocol(DefaultServerConnection.java:269) ~[mongodb-driver-core-3.8.2.jar:?]
	at com.mongodb.internal.connection.DefaultServerConnection.command(DefaultServerConnection.java:131) ~[mongodb-driver-core-3.8.2.jar:?]
	at com.mongodb.internal.connection.DefaultServerConnection.command(DefaultServerConnection.java:123) ~[mongodb-driver-core-3.8.2.jar:?]
	at com.mongodb.operation.CommandOperationHelper.executeWrappedCommandProtocol(CommandOperationHelper.java:242) ~[mongodb-driver-core-3.8.2.jar:?]
	at com.mongodb.operation.CommandOperationHelper.executeWrappedCommandProtocol(CommandOperationHelper.java:233) ~[mongodb-driver-core-3.8.2.jar:?]
	at com.mongodb.operation.CommandOperationHelper.executeWrappedCommandProtocol(CommandOperationHelper.java:136) ~[mongodb-driver-core-3.8.2.jar:?]
	at com.mongodb.operation.AggregateOperationImpl$1.call(AggregateOperationImpl.java:193) ~[mongodb-driver-core-3.8.2.jar:?]
	at com.mongodb.operation.AggregateOperationImpl$1.call(AggregateOperationImpl.java:189) ~[mongodb-driver-core-3.8.2.jar:?]
	at com.mongodb.operation.OperationHelper.withConnectionSource(OperationHelper.java:462) ~[mongodb-driver-core-3.8.2.jar:?]
	at com.mongodb.operation.OperationHelper.withConnection(OperationHelper.java:406) ~[mongodb-driver-core-3.8.2.jar:?]
	at com.mongodb.operation.AggregateOperationImpl.execute(AggregateOperationImpl.java:189) ~[mongodb-driver-core-3.8.2.jar:?]
	at com.mongodb.operation.AggregateOperation.execute(AggregateOperation.java:294) ~[mongodb-driver-core-3.8.2.jar:?]
	at com.mongodb.operation.AggregateOperation.execute(AggregateOperation.java:41) ~[mongodb-driver-core-3.8.2.jar:?]
	at com.mongodb.client.internal.MongoClientDelegate$DelegateOperationExecutor.execute(MongoClientDelegate.java:179) ~[mongodb-driver-3.8.2.jar:?]
	at com.mongodb.client.internal.MongoIterableImpl.execute(MongoIterableImpl.java:132) ~[mongodb-driver-3.8.2.jar:?]
	at com.mongodb.client.internal.MongoIterableImpl.iterator(MongoIterableImpl.java:86) ~[mongodb-driver-3.8.2.jar:?]
	at com.mongodb.client.internal.MongoIterableImpl.forEach(MongoIterableImpl.java:110) ~[mongodb-driver-3.8.2.jar:?]
	at com.mongodb.client.internal.MappingIterable.forEach(MappingIterable.java:54) ~[mongodb-driver-3.8.2.jar:?]
	at com.mongodb.client.internal.MappingIterable.into(MappingIterable.java:64) ~[mongodb-driver-3.8.2.jar:?]
	at org.springframework.data.mongodb.core.MongoTemplate.lambda$doAggregate$12(MongoTemplate.java:2119) ~[spring-data-mongodb-2.1.8.RELEASE.jar:2.1.8.RELEASE]
	at org.springframework.data.mongodb.core.MongoTemplate.execute(MongoTemplate.java:545) ~[spring-data-mongodb-2.1.8.RELEASE.jar:2.1.8.RELEASE]
	at org.springframework.data.mongodb.core.MongoTemplate.doAggregate(MongoTemplate.java:2101) ~[spring-data-mongodb-2.1.8.RELEASE.jar:2.1.8.RELEASE]
	at org.springframework.data.mongodb.core.MongoTemplate.aggregate(MongoTemplate.java:2071) ~[spring-data-mongodb-2.1.8.RELEASE.jar:2.1.8.RELEASE]
	at org.springframework.data.mongodb.core.MongoTemplate.aggregate(MongoTemplate.java:1970) ~[spring-data-mongodb-2.1.8.RELEASE.jar:2.1.8.RELEASE]
	at com.heima.media.service.impl.StudentServiceImpl.findAll(StudentServiceImpl.java:77) ~[classes/:?]
	at com.heima.media.service.impl.StudentServiceImpl$$FastClassBySpringCGLIB$$ec69deea.invoke(<generated>) ~[classes/:?]
	at org.springframework.cglib.proxy.MethodProxy.invoke(MethodProxy.java:218) ~[spring-core-5.1.7.RELEASE.jar:5.1.7.RELEASE]
	at org.springframework.aop.framework.CglibAopProxy$CglibMethodInvocation.invokeJoinpoint(CglibAopProxy.java:749) ~[spring-aop-5.1.7.RELEASE.jar:5.1.7.RELEASE]
	at org.springframework.aop.framework.ReflectiveMethodInvocation.proceed(ReflectiveMethodInvocation.java:163) ~[spring-aop-5.1.7.RELEASE.jar:5.1.7.RELEASE]
	at org.springframework.transaction.interceptor.TransactionAspectSupport.invokeWithinTransaction(TransactionAspectSupport.java:295) [spring-tx-5.1.7.RELEASE.jar:5.1.7.RELEASE]
	at org.springframework.transaction.interceptor.TransactionInterceptor.invoke(TransactionInterceptor.java:98) [spring-tx-5.1.7.RELEASE.jar:5.1.7.RELEASE]
	at org.springframework.aop.framework.ReflectiveMethodInvocation.proceed(ReflectiveMethodInvocation.java:186) [spring-aop-5.1.7.RELEASE.jar:5.1.7.RELEASE]
	at org.springframework.aop.interceptor.ExposeInvocationInterceptor.invoke(ExposeInvocationInterceptor.java:93) [spring-aop-5.1.7.RELEASE.jar:5.1.7.RELEASE]
	at org.springframework.aop.framework.ReflectiveMethodInvocation.proceed(ReflectiveMethodInvocation.java:186) [spring-aop-5.1.7.RELEASE.jar:5.1.7.RELEASE]
	at org.springframework.aop.framework.CglibAopProxy$DynamicAdvisedInterceptor.intercept(CglibAopProxy.java:688) [spring-aop-5.1.7.RELEASE.jar:5.1.7.RELEASE]
	at com.heima.media.service.impl.StudentServiceImpl$$EnhancerBySpringCGLIB$$308a3593.findAll(<generated>) [classes/:?]
	at SpringbootMongodbApplicationTests.findAll(SpringbootMongodbApplicationTests.java:29) [test-classes/:?]
	at sun.reflect.NativeMethodAccessorImpl.invoke0(Native Method) ~[?:1.8.0_251]
	at sun.reflect.NativeMethodAccessorImpl.invoke(NativeMethodAccessorImpl.java:62) ~[?:1.8.0_251]
	at sun.reflect.DelegatingMethodAccessorImpl.invoke(DelegatingMethodAccessorImpl.java:43) ~[?:1.8.0_251]
	at java.lang.reflect.Method.invoke(Method.java:498) ~[?:1.8.0_251]
	at org.junit.runners.model.FrameworkMethod$1.runReflectiveCall(FrameworkMethod.java:50) [junit-4.12.jar:4.12]
	at org.junit.internal.runners.model.ReflectiveCallable.run(ReflectiveCallable.java:12) [junit-4.12.jar:4.12]
	at org.junit.runners.model.FrameworkMethod.invokeExplosively(FrameworkMethod.java:47) [junit-4.12.jar:4.12]
	at org.junit.internal.runners.statements.InvokeMethod.evaluate(InvokeMethod.java:17) [junit-4.12.jar:4.12]
	at org.springframework.test.context.junit4.statements.RunBeforeTestExecutionCallbacks.evaluate(RunBeforeTestExecutionCallbacks.java:74) [spring-test-5.1.7.RELEASE.jar:5.1.7.RELEASE]
	at org.springframework.test.context.junit4.statements.RunAfterTestExecutionCallbacks.evaluate(RunAfterTestExecutionCallbacks.java:84) [spring-test-5.1.7.RELEASE.jar:5.1.7.RELEASE]
	at org.springframework.test.context.junit4.statements.RunBeforeTestMethodCallbacks.evaluate(RunBeforeTestMethodCallbacks.java:75) [spring-test-5.1.7.RELEASE.jar:5.1.7.RELEASE]
	at org.springframework.test.context.junit4.statements.RunAfterTestMethodCallbacks.evaluate(RunAfterTestMethodCallbacks.java:86) [spring-test-5.1.7.RELEASE.jar:5.1.7.RELEASE]
	at org.springframework.test.context.junit4.statements.SpringRepeat.evaluate(SpringRepeat.java:84) [spring-test-5.1.7.RELEASE.jar:5.1.7.RELEASE]
	at org.junit.runners.ParentRunner.runLeaf(ParentRunner.java:325) [junit-4.12.jar:4.12]
	at org.springframework.test.context.junit4.SpringJUnit4ClassRunner.runChild(SpringJUnit4ClassRunner.java:251) [spring-test-5.1.7.RELEASE.jar:5.1.7.RELEASE]
	at org.springframework.test.context.junit4.SpringJUnit4ClassRunner.runChild(SpringJUnit4ClassRunner.java:97) [spring-test-5.1.7.RELEASE.jar:5.1.7.RELEASE]
	at org.junit.runners.ParentRunner$3.run(ParentRunner.java:290) [junit-4.12.jar:4.12]
	at org.junit.runners.ParentRunner$1.schedule(ParentRunner.java:71) [junit-4.12.jar:4.12]
	at org.junit.runners.ParentRunner.runChildren(ParentRunner.java:288) [junit-4.12.jar:4.12]
	at org.junit.runners.ParentRunner.access$000(ParentRunner.java:58) [junit-4.12.jar:4.12]
	at org.junit.runners.ParentRunner$2.evaluate(ParentRunner.java:268) [junit-4.12.jar:4.12]
	at org.springframework.test.context.junit4.statements.RunBeforeTestClassCallbacks.evaluate(RunBeforeTestClassCallbacks.java:61) [spring-test-5.1.7.RELEASE.jar:5.1.7.RELEASE]
	at org.springframework.test.context.junit4.statements.RunAfterTestClassCallbacks.evaluate(RunAfterTestClassCallbacks.java:70) [spring-test-5.1.7.RELEASE.jar:5.1.7.RELEASE]
	at org.junit.runners.ParentRunner.run(ParentRunner.java:363) [junit-4.12.jar:4.12]
	at org.springframework.test.context.junit4.SpringJUnit4ClassRunner.run(SpringJUnit4ClassRunner.java:190) [spring-test-5.1.7.RELEASE.jar:5.1.7.RELEASE]
	at org.apache.maven.surefire.junit4.JUnit4Provider.execute(JUnit4Provider.java:365) [surefire-junit4-2.22.2.jar:2.22.2]
	at org.apache.maven.surefire.junit4.JUnit4Provider.executeWithRerun(JUnit4Provider.java:273) [surefire-junit4-2.22.2.jar:2.22.2]
	at org.apache.maven.surefire.junit4.JUnit4Provider.executeTestSet(JUnit4Provider.java:238) [surefire-junit4-2.22.2.jar:2.22.2]
	at org.apache.maven.surefire.junit4.JUnit4Provider.invoke(JUnit4Provider.java:159) [surefire-junit4-2.22.2.jar:2.22.2]
	at org.apache.maven.surefire.booter.ForkedBooter.invokeProviderInSameClassLoader(ForkedBooter.java:384) [surefire-booter-2.22.2.jar:2.22.2]
	at org.apache.maven.surefire.booter.ForkedBooter.runSuitesInProcess(ForkedBooter.java:345) [surefire-booter-2.22.2.jar:2.22.2]
	at org.apache.maven.surefire.booter.ForkedBooter.execute(ForkedBooter.java:126) [surefire-booter-2.22.2.jar:2.22.2]
	at org.apache.maven.surefire.booter.ForkedBooter.main(ForkedBooter.java:418) [surefire-booter-2.22.2.jar:2.22.2]
]]></system-out>
  </testcase>
  <testcase name="contextLoads" classname="SpringbootMongodbApplicationTests" time="0.005"/>
  <testcase name="removeStu" classname="SpringbootMongodbApplicationTests" time="0.028"/>
  <testcase name="saveStu" classname="SpringbootMongodbApplicationTests" time="0.034"/>
</testsuite>